This file contains any messages produced by compilers while
running configure, to aid debugging if configure makes a mistake.

It was created by gperftools configure 2.10, which was
generated by GNU Autoconf 2.71.  Invocation command line was

  $ ./configure prefix=/home/share/boke/JIJI/boke/src/gperftools-2.10/output CFLAGS=-fPIC --host=arm-linux CC=/opt/arm-anykav500-linux-uclibcgnueabi/bin/arm-anykav500-linux-uclibcgnueabi-gcc CXX=/opt/arm-anykav500-linux-uclibcgnueabi/bin/arm-anykav500-linux-uclibcgnueabi-g++ '`'

## --------- ##
## Platform. ##
## --------- ##

hostname = nirvana-virtual-machine
uname -m = x86_64
uname -r = 4.15.0-206-generic
uname -s = Linux
uname -v = #217-Ubuntu SMP Fri Feb 3 19:10:13 UTC 2023

/usr/bin/uname -p = unknown
/bin/uname -X     = unknown

/bin/arch              = unknown
/usr/bin/arch -k       = unknown
/usr/convex/getsysinfo = unknown
/usr/bin/hostinfo      = unknown
/bin/machine           = unknown
/usr/bin/oslevel       = unknown
/bin/universe          = unknown

PATH: /usr/local/sbin/
PATH: /usr/local/bin/
PATH: /usr/sbin/
PATH: /usr/bin/
PATH: /sbin/
PATH: /bin/
PATH: /usr/games/
PATH: /usr/local/games/
PATH: /snap/bin/
PATH: /opt/arm-anykav500-linux-uclibcgnueabi/usr/bin/
PATH: /opt/arm-anykav500-eabi/bin/
PATH: /opt/arm-anykav200-crosstool/usr/bin/
PATH: /opt/arm-anykav500-eabi/bin/


## ----------- ##
## Core tests. ##
## ----------- ##

configure:2973: looking for aux files: ltmain.sh compile missing install-sh config.guess config.sub
configure:2986:  trying ./
configure:3015:   ./ltmain.sh found
configure:3015:   ./compile found
configure:3015:   ./missing found
configure:2997:   ./install-sh found
configure:3015:   ./config.guess found
configure:3015:   ./config.sub found
configure:3147: checking build system type
configure:3159: error: /bin/bash ./config.sub ` failed

## ---------------- ##
## Cache variables. ##
## ---------------- ##

ac_cv_build=
ac_cv_env_CCC_set=
ac_cv_env_CCC_value=
ac_cv_env_CC_set=set
ac_cv_env_CC_value=/opt/arm-anykav500-linux-uclibcgnueabi/bin/arm-anykav500-linux-uclibcgnueabi-gcc
ac_cv_env_CFLAGS_set=set
ac_cv_env_CFLAGS_value=-fPIC
ac_cv_env_CPPFLAGS_set=
ac_cv_env_CPPFLAGS_value=
ac_cv_env_CPP_set=
ac_cv_env_CPP_value=
ac_cv_env_CXXCPP_set=
ac_cv_env_CXXCPP_value=
ac_cv_env_CXXFLAGS_set=
ac_cv_env_CXXFLAGS_value=
ac_cv_env_CXX_set=set
ac_cv_env_CXX_value=/opt/arm-anykav500-linux-uclibcgnueabi/bin/arm-anykav500-linux-uclibcgnueabi-g++
ac_cv_env_LDFLAGS_set=
ac_cv_env_LDFLAGS_value=
ac_cv_env_LIBS_set=
ac_cv_env_LIBS_value=
ac_cv_env_LT_SYS_LIBRARY_PATH_set=
ac_cv_env_LT_SYS_LIBRARY_PATH_value=
ac_cv_env_build_alias_set=set
ac_cv_env_build_alias_value='`'
ac_cv_env_host_alias_set=set
ac_cv_env_host_alias_value=arm-linux
ac_cv_env_target_alias_set=set
ac_cv_env_target_alias_value='`'

## ----------------- ##
## Output variables. ##
## ----------------- ##

ACLOCAL=''
AMDEPBACKSLASH=''
AMDEP_FALSE=''
AMDEP_TRUE=''
AMTAR=''
AM_BACKSLASH=''
AM_DEFAULT_V=''
AM_DEFAULT_VERBOSITY=''
AM_V=''
AR=''
AUTOCONF=''
AUTOHEADER=''
AUTOMAKE=''
AWK=''
BUILD_EMERGENCY_MALLOC_FALSE=''
BUILD_EMERGENCY_MALLOC_TRUE=''
CC='/opt/arm-anykav500-linux-uclibcgnueabi/bin/arm-anykav500-linux-uclibcgnueabi-gcc'
CCDEPMODE=''
CFLAGS='-fPIC'
CPP=''
CPPFLAGS=''
CSCOPE=''
CTAGS=''
CXX='/opt/arm-anykav500-linux-uclibcgnueabi/bin/arm-anykav500-linux-uclibcgnueabi-g++'
CXXCPP=''
CXXDEPMODE=''
CXXFLAGS=''
CYGPATH_W=''
DEFS=''
DEPDIR=''
DLLTOOL=''
DSYMUTIL=''
DUMPBIN=''
ECHO_C=''
ECHO_N='-n'
ECHO_T=''
EGREP=''
ENABLE_FRAME_POINTERS_FALSE=''
ENABLE_FRAME_POINTERS_TRUE=''
ENABLE_STATIC_FALSE=''
ENABLE_STATIC_TRUE=''
ETAGS=''
EXEEXT=''
FGREP=''
FILECMD=''
GCC_FALSE=''
GCC_TRUE=''
GENERATE_CHANGELOG_RULES=''
GIT=''
GREP=''
HAVE_CXX11=''
HAVE_F_ALIGNED_NEW_FALSE=''
HAVE_F_ALIGNED_NEW_TRUE=''
HAVE_OBJCOPY_WEAKEN_FALSE=''
HAVE_OBJCOPY_WEAKEN_TRUE=''
HAVE_PTHREAD_DESPITE_ASKING_FOR_FALSE=''
HAVE_PTHREAD_DESPITE_ASKING_FOR_TRUE=''
HAVE_SIZED_DEALLOCATION_FALSE=''
HAVE_SIZED_DEALLOCATION_TRUE=''
HAVE_W_NO_UNUSED_RESULT_FALSE=''
HAVE_W_NO_UNUSED_RESULT_TRUE=''
I386_FALSE=''
I386_TRUE=''
INSTALL_DATA=''
INSTALL_PPROF_FALSE=''
INSTALL_PPROF_TRUE=''
INSTALL_PROGRAM=''
INSTALL_SCRIPT=''
INSTALL_STRIP_PROGRAM=''
LD=''
LDFLAGS=''
LIBOBJS=''
LIBS=''
LIBSTDCXX_LA_LINKER_FLAG=''
LIBTOOL=''
LIPO=''
LN_S=''
LTLIBOBJS=''
LT_SYS_LIBRARY_PATH=''
MAINT=''
MAINTAINER_MODE_FALSE=''
MAINTAINER_MODE_TRUE=''
MAKEINFO=''
MANIFEST_TOOL=''
MINGW_FALSE=''
MINGW_TRUE=''
MKDIR_P=''
NANOSLEEP_LIBS=''
NM=''
NMEDIT=''
OBJCOPY=''
OBJDUMP=''
OBJEXT=''
OMIT_FP_BY_DEFAULT_FALSE=''
OMIT_FP_BY_DEFAULT_TRUE=''
OSX_FALSE=''
OSX_TRUE=''
OTOOL64=''
OTOOL=''
PACKAGE=''
PACKAGE_BUGREPORT='gperftools@googlegroups.com'
PACKAGE_NAME='gperftools'
PACKAGE_STRING='gperftools 2.10'
PACKAGE_TARNAME='gperftools'
PACKAGE_URL=''
PACKAGE_VERSION='2.10'
PATH_SEPARATOR=':'
PROFILER_SO_VERSION='5:5:5'
PTHREAD_CC=''
PTHREAD_CFLAGS=''
PTHREAD_LIBS=''
RANLIB=''
SED=''
SET_MAKE=''
SHELL='/bin/bash'
STRIP=''
TCMALLOC_AND_PROFILER_SO_VERSION='10:5:6'
TCMALLOC_SO_VERSION='9:10:5'
TC_VERSION_MAJOR=''
TC_VERSION_MINOR=''
TC_VERSION_PATCH=''
UNWIND_LIBS=''
VERSION=''
WITH_CPU_PROFILER_FALSE=''
WITH_CPU_PROFILER_TRUE=''
WITH_DEBUGALLOC_FALSE=''
WITH_DEBUGALLOC_TRUE=''
WITH_HEAP_CHECKER_FALSE=''
WITH_HEAP_CHECKER_TRUE=''
WITH_HEAP_PROFILER_FALSE=''
WITH_HEAP_PROFILER_OR_CHECKER_FALSE=''
WITH_HEAP_PROFILER_OR_CHECKER_TRUE=''
WITH_HEAP_PROFILER_TRUE=''
WITH_STACK_TRACE_FALSE=''
WITH_STACK_TRACE_TRUE=''
ac_ct_AR=''
ac_ct_CC=''
ac_ct_CXX=''
ac_ct_DUMPBIN=''
ac_cv_have_std_align_val_t=''
ac_cv_have_struct_mallinfo=''
acx_pthread_config=''
am__EXEEXT_FALSE=''
am__EXEEXT_TRUE=''
am__fastdepCC_FALSE=''
am__fastdepCC_TRUE=''
am__fastdepCXX_FALSE=''
am__fastdepCXX_TRUE=''
am__include=''
am__isrc=''
am__leading_dot=''
am__nodep=''
am__quote=''
am__tar=''
am__untar=''
bindir='${exec_prefix}/bin'
build='`'
build_alias='`'
build_cpu=''
build_os=''
build_vendor=''
datadir='${datarootdir}'
datarootdir='${prefix}/share'
docdir='${datarootdir}/doc/${PACKAGE_TARNAME}'
dvidir='${docdir}'
exec_prefix='NONE'
host='arm-linux'
host_alias='arm-linux'
host_cpu=''
host_os=''
host_vendor=''
htmldir='${docdir}'
includedir='${prefix}/include'
infodir='${datarootdir}/info'
install_sh=''
libdir='${exec_prefix}/lib'
libexecdir='${exec_prefix}/libexec'
localedir='${datarootdir}/locale'
localstatedir='${prefix}/var'
mandir='${datarootdir}/man'
mkdir_p=''
oldincludedir='/usr/include'
pdfdir='${docdir}'
prefix='/home/share/boke/JIJI/boke/src/gperftools-2.10/output'
program_transform_name='s,x,x,'
psdir='${docdir}'
runstatedir='${localstatedir}/run'
sbindir='${exec_prefix}/sbin'
sharedstatedir='${prefix}/com'
sysconfdir='${prefix}/etc'
target_alias='`'

## ----------- ##
## confdefs.h. ##
## ----------- ##

/* confdefs.h */
#define PACKAGE_NAME "gperftools"
#define PACKAGE_TARNAME "gperftools"
#define PACKAGE_VERSION "2.10"
#define PACKAGE_STRING "gperftools 2.10"
#define PACKAGE_BUGREPORT "gperftools@googlegroups.com"
#define PACKAGE_URL ""

configure: exit 1
