The system is: Linux - 4.15.0-213-generic - x86_64
Compiling the C compiler identification source file "CMakeCCompilerId.c" succeeded.
Compiler: /opt/arm-anykav500-linux-uclibcgnueabi/usr/bin/arm-anykav500-linux-uclibcgnueabi-gcc 
Build flags: 
Id flags:  

The output was:
0


Compilation of the C compiler identification source "CMakeCCompilerId.c" produced "a.out"

The C compiler identification is GNU, found in "/home/share/meiou/outdoor_pro/build/CMakeFiles/3.10.2/CompilerIdC/a.out"

Determining if the C compiler works passed with the following output:
Change Dir: /home/share/meiou/outdoor_pro/build/CMakeFiles/CMakeTmp

Run Build Command:"/usr/bin/ninja" "cmTC_a9128"
[1/2] Building C object CMakeFiles/cmTC_a9128.dir/testCCompiler.c.o
[2/2] Linking C executable cmTC_a9128


Detecting C compiler ABI info compiled with the following output:
Change Dir: /home/share/meiou/outdoor_pro/build/CMakeFiles/CMakeTmp

Run Build Command:"/usr/bin/ninja" "cmTC_f581e"
[1/2] Building C object CMakeFiles/cmTC_f581e.dir/CMakeCCompilerABI.c.o
[2/2] Linking C executable cmTC_f581e
使用内建 specs。
COLLECT_GCC=/opt/arm-anykav500-linux-uclibcgnueabi/bin/arm-anykav500-linux-uclibcgnueabi-gcc.br_real
COLLECT_LTO_WRAPPER=/opt/arm-anykav500-linux-uclibcgnueabi/bin/../libexec/gcc/arm-anykav500-linux-uclibcgnueabi/4.9.4/lto-wrapper
目标：arm-anykav500-linux-uclibcgnueabi
配置为：./configure --prefix=/home/leihaitao/nfs/project/buildroot/buildroot.stable/arm-anykav500-linux-uclibcgnueabi --sysconfdir=/home/leihaitao/nfs/project/buildroot/buildroot.stable/arm-anykav500-linux-uclibcgnueabi/etc --enable-static --target=arm-anykav500-linux-uclibcgnueabi --with-sysroot=/home/leihaitao/nfs/project/buildroot/buildroot.stable/arm-anykav500-linux-uclibcgnueabi/arm-anykav500-linux-uclibcgnueabi/sysroot --disable-__cxa_atexit --with-gnu-ld --disable-multilib --with-gmp=/home/leihaitao/nfs/project/buildroot/buildroot.stable/arm-anykav500-linux-uclibcgnueabi --with-mpc=/home/leihaitao/nfs/project/buildroot/buildroot.stable/arm-anykav500-linux-uclibcgnueabi --with-mpfr=/home/leihaitao/nfs/project/buildroot/buildroot.stable/arm-anykav500-linux-uclibcgnueabi --with-pkgversion='Buildroot 2018.02.7_V1.0.05-gec2d034' --with-bugurl=http://bugs.buildroot.net/ --disable-libquadmath --disable-libsanitizer --enable-tls --disable-libmudflap --enable-threads --without-isl --without-cloog --with-float=soft --disable-decimal-float --with-abi=aapcs-linux --with-cpu=arm926ej-s --with-float=soft --with-mode=arm --enable-languages=c,c++ --with-build-time-tools=/home/leihaitao/nfs/project/buildroot/buildroot.stable/arm-anykav500-linux-uclibcgnueabi/arm-anykav500-linux-uclibcgnueabi/bin --enable-shared --disable-libgomp --enable-libssp
线程模型：posix
gcc 版本 4.9.4 (Buildroot 2018.02.7_V1.0.05-gec2d034) 
COMPILER_PATH=/opt/arm-anykav500-linux-uclibcgnueabi/bin/../libexec/gcc/arm-anykav500-linux-uclibcgnueabi/4.9.4/:/opt/arm-anykav500-linux-uclibcgnueabi/bin/../libexec/gcc/:/opt/arm-anykav500-linux-uclibcgnueabi/bin/../lib/gcc/arm-anykav500-linux-uclibcgnueabi/4.9.4/../../../../arm-anykav500-linux-uclibcgnueabi/bin/
LIBRARY_PATH=/opt/arm-anykav500-linux-uclibcgnueabi/bin/../lib/gcc/arm-anykav500-linux-uclibcgnueabi/4.9.4/:/opt/arm-anykav500-linux-uclibcgnueabi/bin/../lib/gcc/:/opt/arm-anykav500-linux-uclibcgnueabi/bin/../lib/gcc/arm-anykav500-linux-uclibcgnueabi/4.9.4/../../../../arm-anykav500-linux-uclibcgnueabi/lib/:/opt/arm-anykav500-linux-uclibcgnueabi/arm-anykav500-linux-uclibcgnueabi/sysroot/lib/:/opt/arm-anykav500-linux-uclibcgnueabi/arm-anykav500-linux-uclibcgnueabi/sysroot/usr/lib/
COLLECT_GCC_OPTIONS='-v' '-o' 'cmTC_f581e' '-mcpu=arm926ej-s' '-mfloat-abi=soft' '-mabi=aapcs-linux' '-marm' '-mtls-dialect=gnu'
 /opt/arm-anykav500-linux-uclibcgnueabi/bin/../libexec/gcc/arm-anykav500-linux-uclibcgnueabi/4.9.4/collect2 -plugin /opt/arm-anykav500-linux-uclibcgnueabi/bin/../libexec/gcc/arm-anykav500-linux-uclibcgnueabi/4.9.4/liblto_plugin.so -plugin-opt=/opt/arm-anykav500-linux-uclibcgnueabi/bin/../libexec/gcc/arm-anykav500-linux-uclibcgnueabi/4.9.4/lto-wrapper -plugin-opt=-fresolution=/tmp/ccyYgQ68.res -plugin-opt=-pass-through=-lgcc -plugin-opt=-pass-through=-lgcc_s -plugin-opt=-pass-through=-lc -plugin-opt=-pass-through=-lgcc -plugin-opt=-pass-through=-lgcc_s --sysroot=/opt/arm-anykav500-linux-uclibcgnueabi/arm-anykav500-linux-uclibcgnueabi/sysroot --eh-frame-hdr -dynamic-linker /lib/ld-uClibc.so.0 -X -m armelf_linux_eabi -o cmTC_f581e /opt/arm-anykav500-linux-uclibcgnueabi/arm-anykav500-linux-uclibcgnueabi/sysroot/usr/lib/crt1.o /opt/arm-anykav500-linux-uclibcgnueabi/arm-anykav500-linux-uclibcgnueabi/sysroot/usr/lib/crti.o /opt/arm-anykav500-linux-uclibcgnueabi/bin/../lib/gcc/arm-anykav500-linux-uclibcgnueabi/4.9.4/crtbegin.o -L/opt/arm-anykav500-linux-uclibcgnueabi/bin/../lib/gcc/arm-anykav500-linux-uclibcgnueabi/4.9.4 -L/opt/arm-anykav500-linux-uclibcgnueabi/bin/../lib/gcc -L/opt/arm-anykav500-linux-uclibcgnueabi/bin/../lib/gcc/arm-anykav500-linux-uclibcgnueabi/4.9.4/../../../../arm-anykav500-linux-uclibcgnueabi/lib -L/opt/arm-anykav500-linux-uclibcgnueabi/arm-anykav500-linux-uclibcgnueabi/sysroot/lib -L/opt/arm-anykav500-linux-uclibcgnueabi/arm-anykav500-linux-uclibcgnueabi/sysroot/usr/lib CMakeFiles/cmTC_f581e.dir/CMakeCCompilerABI.c.o -lgcc --as-needed -lgcc_s --no-as-needed -lc -lgcc --as-needed -lgcc_s --no-as-needed /opt/arm-anykav500-linux-uclibcgnueabi/bin/../lib/gcc/arm-anykav500-linux-uclibcgnueabi/4.9.4/crtend.o /opt/arm-anykav500-linux-uclibcgnueabi/arm-anykav500-linux-uclibcgnueabi/sysroot/usr/lib/crtn.o


Parsed C implicit link information from above output:
  link line regex: [^( *|.*[/\])(ld|CMAKE_LINK_STARTFILE-NOTFOUND|([^/\]+-)?ld|collect2)[^/\]*( |$)]
  ignore line: [Change Dir: /home/share/meiou/outdoor_pro/build/CMakeFiles/CMakeTmp]
  ignore line: []
  ignore line: [Run Build Command:"/usr/bin/ninja" "cmTC_f581e"]
  ignore line: [[1/2] Building C object CMakeFiles/cmTC_f581e.dir/CMakeCCompilerABI.c.o]
  ignore line: [[2/2] Linking C executable cmTC_f581e]
  ignore line: [使用内建 specs。]
  ignore line: [COLLECT_GCC=/opt/arm-anykav500-linux-uclibcgnueabi/bin/arm-anykav500-linux-uclibcgnueabi-gcc.br_real]
  ignore line: [COLLECT_LTO_WRAPPER=/opt/arm-anykav500-linux-uclibcgnueabi/bin/../libexec/gcc/arm-anykav500-linux-uclibcgnueabi/4.9.4/lto-wrapper]
  ignore line: [目标：arm-anykav500-linux-uclibcgnueabi]
  ignore line: [配置为：./configure --prefix=/home/leihaitao/nfs/project/buildroot/buildroot.stable/arm-anykav500-linux-uclibcgnueabi --sysconfdir=/home/leihaitao/nfs/project/buildroot/buildroot.stable/arm-anykav500-linux-uclibcgnueabi/etc --enable-static --target=arm-anykav500-linux-uclibcgnueabi --with-sysroot=/home/leihaitao/nfs/project/buildroot/buildroot.stable/arm-anykav500-linux-uclibcgnueabi/arm-anykav500-linux-uclibcgnueabi/sysroot --disable-__cxa_atexit --with-gnu-ld --disable-multilib --with-gmp=/home/leihaitao/nfs/project/buildroot/buildroot.stable/arm-anykav500-linux-uclibcgnueabi --with-mpc=/home/leihaitao/nfs/project/buildroot/buildroot.stable/arm-anykav500-linux-uclibcgnueabi --with-mpfr=/home/leihaitao/nfs/project/buildroot/buildroot.stable/arm-anykav500-linux-uclibcgnueabi --with-pkgversion='Buildroot 2018.02.7_V1.0.05-gec2d034' --with-bugurl=http://bugs.buildroot.net/ --disable-libquadmath --disable-libsanitizer --enable-tls --disable-libmudflap --enable-threads --without-isl --without-cloog --with-float=soft --disable-decimal-float --with-abi=aapcs-linux --with-cpu=arm926ej-s --with-float=soft --with-mode=arm --enable-languages=c,c++ --with-build-time-tools=/home/leihaitao/nfs/project/buildroot/buildroot.stable/arm-anykav500-linux-uclibcgnueabi/arm-anykav500-linux-uclibcgnueabi/bin --enable-shared --disable-libgomp --enable-libssp]
  ignore line: [线程模型：posix]
  ignore line: [gcc 版本 4.9.4 (Buildroot 2018.02.7_V1.0.05-gec2d034) ]
  ignore line: [COMPILER_PATH=/opt/arm-anykav500-linux-uclibcgnueabi/bin/../libexec/gcc/arm-anykav500-linux-uclibcgnueabi/4.9.4/:/opt/arm-anykav500-linux-uclibcgnueabi/bin/../libexec/gcc/:/opt/arm-anykav500-linux-uclibcgnueabi/bin/../lib/gcc/arm-anykav500-linux-uclibcgnueabi/4.9.4/../../../../arm-anykav500-linux-uclibcgnueabi/bin/]
  ignore line: [LIBRARY_PATH=/opt/arm-anykav500-linux-uclibcgnueabi/bin/../lib/gcc/arm-anykav500-linux-uclibcgnueabi/4.9.4/:/opt/arm-anykav500-linux-uclibcgnueabi/bin/../lib/gcc/:/opt/arm-anykav500-linux-uclibcgnueabi/bin/../lib/gcc/arm-anykav500-linux-uclibcgnueabi/4.9.4/../../../../arm-anykav500-linux-uclibcgnueabi/lib/:/opt/arm-anykav500-linux-uclibcgnueabi/arm-anykav500-linux-uclibcgnueabi/sysroot/lib/:/opt/arm-anykav500-linux-uclibcgnueabi/arm-anykav500-linux-uclibcgnueabi/sysroot/usr/lib/]
  ignore line: [COLLECT_GCC_OPTIONS='-v' '-o' 'cmTC_f581e' '-mcpu=arm926ej-s' '-mfloat-abi=soft' '-mabi=aapcs-linux' '-marm' '-mtls-dialect=gnu']
  link line: [ /opt/arm-anykav500-linux-uclibcgnueabi/bin/../libexec/gcc/arm-anykav500-linux-uclibcgnueabi/4.9.4/collect2 -plugin /opt/arm-anykav500-linux-uclibcgnueabi/bin/../libexec/gcc/arm-anykav500-linux-uclibcgnueabi/4.9.4/liblto_plugin.so -plugin-opt=/opt/arm-anykav500-linux-uclibcgnueabi/bin/../libexec/gcc/arm-anykav500-linux-uclibcgnueabi/4.9.4/lto-wrapper -plugin-opt=-fresolution=/tmp/ccyYgQ68.res -plugin-opt=-pass-through=-lgcc -plugin-opt=-pass-through=-lgcc_s -plugin-opt=-pass-through=-lc -plugin-opt=-pass-through=-lgcc -plugin-opt=-pass-through=-lgcc_s --sysroot=/opt/arm-anykav500-linux-uclibcgnueabi/arm-anykav500-linux-uclibcgnueabi/sysroot --eh-frame-hdr -dynamic-linker /lib/ld-uClibc.so.0 -X -m armelf_linux_eabi -o cmTC_f581e /opt/arm-anykav500-linux-uclibcgnueabi/arm-anykav500-linux-uclibcgnueabi/sysroot/usr/lib/crt1.o /opt/arm-anykav500-linux-uclibcgnueabi/arm-anykav500-linux-uclibcgnueabi/sysroot/usr/lib/crti.o /opt/arm-anykav500-linux-uclibcgnueabi/bin/../lib/gcc/arm-anykav500-linux-uclibcgnueabi/4.9.4/crtbegin.o -L/opt/arm-anykav500-linux-uclibcgnueabi/bin/../lib/gcc/arm-anykav500-linux-uclibcgnueabi/4.9.4 -L/opt/arm-anykav500-linux-uclibcgnueabi/bin/../lib/gcc -L/opt/arm-anykav500-linux-uclibcgnueabi/bin/../lib/gcc/arm-anykav500-linux-uclibcgnueabi/4.9.4/../../../../arm-anykav500-linux-uclibcgnueabi/lib -L/opt/arm-anykav500-linux-uclibcgnueabi/arm-anykav500-linux-uclibcgnueabi/sysroot/lib -L/opt/arm-anykav500-linux-uclibcgnueabi/arm-anykav500-linux-uclibcgnueabi/sysroot/usr/lib CMakeFiles/cmTC_f581e.dir/CMakeCCompilerABI.c.o -lgcc --as-needed -lgcc_s --no-as-needed -lc -lgcc --as-needed -lgcc_s --no-as-needed /opt/arm-anykav500-linux-uclibcgnueabi/bin/../lib/gcc/arm-anykav500-linux-uclibcgnueabi/4.9.4/crtend.o /opt/arm-anykav500-linux-uclibcgnueabi/arm-anykav500-linux-uclibcgnueabi/sysroot/usr/lib/crtn.o]
    arg [/opt/arm-anykav500-linux-uclibcgnueabi/bin/../libexec/gcc/arm-anykav500-linux-uclibcgnueabi/4.9.4/collect2] ==> ignore
    arg [-plugin] ==> ignore
    arg [/opt/arm-anykav500-linux-uclibcgnueabi/bin/../libexec/gcc/arm-anykav500-linux-uclibcgnueabi/4.9.4/liblto_plugin.so] ==> ignore
    arg [-plugin-opt=/opt/arm-anykav500-linux-uclibcgnueabi/bin/../libexec/gcc/arm-anykav500-linux-uclibcgnueabi/4.9.4/lto-wrapper] ==> ignore
    arg [-plugin-opt=-fresolution=/tmp/ccyYgQ68.res] ==> ignore
    arg [-plugin-opt=-pass-through=-lgcc] ==> ignore
    arg [-plugin-opt=-pass-through=-lgcc_s] ==> ignore
    arg [-plugin-opt=-pass-through=-lc] ==> ignore
    arg [-plugin-opt=-pass-through=-lgcc] ==> ignore
    arg [-plugin-opt=-pass-through=-lgcc_s] ==> ignore
    arg [--sysroot=/opt/arm-anykav500-linux-uclibcgnueabi/arm-anykav500-linux-uclibcgnueabi/sysroot] ==> ignore
    arg [--eh-frame-hdr] ==> ignore
    arg [-dynamic-linker] ==> ignore
    arg [/lib/ld-uClibc.so.0] ==> ignore
    arg [-X] ==> ignore
    arg [-m] ==> ignore
    arg [armelf_linux_eabi] ==> ignore
    arg [-o] ==> ignore
    arg [cmTC_f581e] ==> ignore
    arg [/opt/arm-anykav500-linux-uclibcgnueabi/arm-anykav500-linux-uclibcgnueabi/sysroot/usr/lib/crt1.o] ==> ignore
    arg [/opt/arm-anykav500-linux-uclibcgnueabi/arm-anykav500-linux-uclibcgnueabi/sysroot/usr/lib/crti.o] ==> ignore
    arg [/opt/arm-anykav500-linux-uclibcgnueabi/bin/../lib/gcc/arm-anykav500-linux-uclibcgnueabi/4.9.4/crtbegin.o] ==> ignore
    arg [-L/opt/arm-anykav500-linux-uclibcgnueabi/bin/../lib/gcc/arm-anykav500-linux-uclibcgnueabi/4.9.4] ==> dir [/opt/arm-anykav500-linux-uclibcgnueabi/bin/../lib/gcc/arm-anykav500-linux-uclibcgnueabi/4.9.4]
    arg [-L/opt/arm-anykav500-linux-uclibcgnueabi/bin/../lib/gcc] ==> dir [/opt/arm-anykav500-linux-uclibcgnueabi/bin/../lib/gcc]
    arg [-L/opt/arm-anykav500-linux-uclibcgnueabi/bin/../lib/gcc/arm-anykav500-linux-uclibcgnueabi/4.9.4/../../../../arm-anykav500-linux-uclibcgnueabi/lib] ==> dir [/opt/arm-anykav500-linux-uclibcgnueabi/bin/../lib/gcc/arm-anykav500-linux-uclibcgnueabi/4.9.4/../../../../arm-anykav500-linux-uclibcgnueabi/lib]
    arg [-L/opt/arm-anykav500-linux-uclibcgnueabi/arm-anykav500-linux-uclibcgnueabi/sysroot/lib] ==> dir [/opt/arm-anykav500-linux-uclibcgnueabi/arm-anykav500-linux-uclibcgnueabi/sysroot/lib]
    arg [-L/opt/arm-anykav500-linux-uclibcgnueabi/arm-anykav500-linux-uclibcgnueabi/sysroot/usr/lib] ==> dir [/opt/arm-anykav500-linux-uclibcgnueabi/arm-anykav500-linux-uclibcgnueabi/sysroot/usr/lib]
    arg [CMakeFiles/cmTC_f581e.dir/CMakeCCompilerABI.c.o] ==> ignore
    arg [-lgcc] ==> lib [gcc]
    arg [--as-needed] ==> ignore
    arg [-lgcc_s] ==> lib [gcc_s]
    arg [--no-as-needed] ==> ignore
    arg [-lc] ==> lib [c]
    arg [-lgcc] ==> lib [gcc]
    arg [--as-needed] ==> ignore
    arg [-lgcc_s] ==> lib [gcc_s]
    arg [--no-as-needed] ==> ignore
    arg [/opt/arm-anykav500-linux-uclibcgnueabi/bin/../lib/gcc/arm-anykav500-linux-uclibcgnueabi/4.9.4/crtend.o] ==> ignore
    arg [/opt/arm-anykav500-linux-uclibcgnueabi/arm-anykav500-linux-uclibcgnueabi/sysroot/usr/lib/crtn.o] ==> ignore
  collapse library dir [/opt/arm-anykav500-linux-uclibcgnueabi/bin/../lib/gcc/arm-anykav500-linux-uclibcgnueabi/4.9.4] ==> [/opt/arm-anykav500-linux-uclibcgnueabi/lib/gcc/arm-anykav500-linux-uclibcgnueabi/4.9.4]
  collapse library dir [/opt/arm-anykav500-linux-uclibcgnueabi/bin/../lib/gcc] ==> [/opt/arm-anykav500-linux-uclibcgnueabi/lib/gcc]
  collapse library dir [/opt/arm-anykav500-linux-uclibcgnueabi/bin/../lib/gcc/arm-anykav500-linux-uclibcgnueabi/4.9.4/../../../../arm-anykav500-linux-uclibcgnueabi/lib] ==> [/opt/arm-anykav500-linux-uclibcgnueabi/arm-anykav500-linux-uclibcgnueabi/lib]
  collapse library dir [/opt/arm-anykav500-linux-uclibcgnueabi/arm-anykav500-linux-uclibcgnueabi/sysroot/lib] ==> [/opt/arm-anykav500-linux-uclibcgnueabi/arm-anykav500-linux-uclibcgnueabi/sysroot/lib]
  collapse library dir [/opt/arm-anykav500-linux-uclibcgnueabi/arm-anykav500-linux-uclibcgnueabi/sysroot/usr/lib] ==> [/opt/arm-anykav500-linux-uclibcgnueabi/arm-anykav500-linux-uclibcgnueabi/sysroot/usr/lib]
  implicit libs: [gcc;gcc_s;c;gcc;gcc_s]
  implicit dirs: [/opt/arm-anykav500-linux-uclibcgnueabi/lib/gcc/arm-anykav500-linux-uclibcgnueabi/4.9.4;/opt/arm-anykav500-linux-uclibcgnueabi/lib/gcc;/opt/arm-anykav500-linux-uclibcgnueabi/arm-anykav500-linux-uclibcgnueabi/lib;/opt/arm-anykav500-linux-uclibcgnueabi/arm-anykav500-linux-uclibcgnueabi/sysroot/lib;/opt/arm-anykav500-linux-uclibcgnueabi/arm-anykav500-linux-uclibcgnueabi/sysroot/usr/lib]
  implicit fwks: []




Detecting C [-std=c11] compiler features compiled with the following output:
Change Dir: /home/share/meiou/outdoor_pro/build/CMakeFiles/CMakeTmp

Run Build Command:"/usr/bin/ninja" "cmTC_b1c14"
[1/2] Building C object CMakeFiles/cmTC_b1c14.dir/feature_tests.c.o
[2/2] Linking C executable cmTC_b1c14


    Feature record: C_FEATURE:1c_function_prototypes
    Feature record: C_FEATURE:1c_restrict
    Feature record: C_FEATURE:1c_static_assert
    Feature record: C_FEATURE:1c_variadic_macros


Detecting C [-std=c99] compiler features compiled with the following output:
Change Dir: /home/share/meiou/outdoor_pro/build/CMakeFiles/CMakeTmp

Run Build Command:"/usr/bin/ninja" "cmTC_fe5f5"
[1/2] Building C object CMakeFiles/cmTC_fe5f5.dir/feature_tests.c.o
[2/2] Linking C executable cmTC_fe5f5


    Feature record: C_FEATURE:1c_function_prototypes
    Feature record: C_FEATURE:1c_restrict
    Feature record: C_FEATURE:0c_static_assert
    Feature record: C_FEATURE:1c_variadic_macros


Detecting C [-std=c90] compiler features compiled with the following output:
Change Dir: /home/share/meiou/outdoor_pro/build/CMakeFiles/CMakeTmp

Run Build Command:"/usr/bin/ninja" "cmTC_08f86"
[1/2] Building C object CMakeFiles/cmTC_08f86.dir/feature_tests.c.o
[2/2] Linking C executable cmTC_08f86


    Feature record: C_FEATURE:1c_function_prototypes
    Feature record: C_FEATURE:0c_restrict
    Feature record: C_FEATURE:0c_static_assert
    Feature record: C_FEATURE:0c_variadic_macros
