This file contains any messages produced by compilers while
running configure, to aid debugging if configure makes a mistake.

It was created by sqlite configure 3.41.2, which was
generated by GNU Autoconf 2.71.  Invocation command line was

  $ ./configure --host=arm-anykav500-linux-uclibcgnueabi --prefix=/home/share/boke/leo/sqlite-autoconf-3410200/build

## --------- ##
## Platform. ##
## --------- ##

hostname = nirvana-virtual-machine
uname -m = x86_64
uname -r = 4.15.0-208-generic
uname -s = Linux
uname -v = #220-Ubuntu SMP Mon Mar 20 14:27:01 UTC 2023

/usr/bin/uname -p = unknown
/bin/uname -X     = unknown

/bin/arch              = unknown
/usr/bin/arch -k       = unknown
/usr/convex/getsysinfo = unknown
/usr/bin/hostinfo      = unknown
/bin/machine           = unknown
/usr/bin/oslevel       = unknown
/bin/universe          = unknown

PATH: /usr/local/sbin/
PATH: /usr/local/bin/
PATH: /usr/sbin/
PATH: /usr/bin/
PATH: /sbin/
PATH: /bin/
PATH: /usr/games/
PATH: /usr/local/games/
PATH: /snap/bin/
PATH: /opt/arm-anykav500-linux-uclibcgnueabi/usr/bin/
PATH: /opt/arm-anykav500-eabi/bin/
PATH: /opt/arm-anykav200-crosstool/usr/bin/
PATH: /opt/arm-anykav500-eabi/bin/


## ----------- ##
## Core tests. ##
## ----------- ##

configure:2438: looking for aux files: config.guess config.sub ltmain.sh compile missing install-sh
configure:2451:  trying ././
configure:2480:   ././config.guess found
configure:2480:   ././config.sub found
configure:2480:   ././ltmain.sh found
configure:2480:   ././compile found
configure:2480:   ././missing found
configure:2462:   ././install-sh found
configure:2613: checking for a BSD-compatible install
configure:2686: result: /usr/bin/install -c
configure:2697: checking whether build environment is sane
configure:2752: result: yes
configure:2808: checking for arm-anykav500-linux-uclibcgnueabi-strip
configure:2829: found /opt/arm-anykav500-linux-uclibcgnueabi/usr/bin/arm-anykav500-linux-uclibcgnueabi-strip
configure:2840: result: arm-anykav500-linux-uclibcgnueabi-strip
configure:2911: checking for a race-free mkdir -p
configure:2955: result: /bin/mkdir -p
configure:2962: checking for gawk
configure:2997: result: no
configure:2962: checking for mawk
configure:2983: found /usr/bin/mawk
configure:2994: result: mawk
configure:3005: checking whether make sets $(MAKE)
configure:3028: result: yes
configure:3058: checking whether make supports nested variables
configure:3076: result: yes
configure:3226: checking whether make supports the include directive
configure:3241: make -f confmf.GNU && cat confinc.out
this is the am__doit target
configure:3244: $? = 0
configure:3263: result: yes (GNU style)
configure:3294: checking for arm-anykav500-linux-uclibcgnueabi-gcc
configure:3315: found /opt/arm-anykav500-linux-uclibcgnueabi/usr/bin/arm-anykav500-linux-uclibcgnueabi-gcc
configure:3326: result: arm-anykav500-linux-uclibcgnueabi-gcc
configure:3724: checking for C compiler version
configure:3733: arm-anykav500-linux-uclibcgnueabi-gcc --version >&5
arm-anykav500-linux-uclibcgnueabi-gcc.br_real (Buildroot 2018.02.7_V1.0.05-gec2d034) 4.9.4
Copyright (C) 2015 Free Software Foundation, Inc.
This is free software; see the source for copying conditions.  There is NO
warranty; not even for MERCHANTABILITY or FITNESS FOR A PARTICULAR PURPOSE.

configure:3744: $? = 0
configure:3733: arm-anykav500-linux-uclibcgnueabi-gcc -v >&5
Using built-in specs.
COLLECT_GCC=/opt/arm-anykav500-linux-uclibcgnueabi/bin/arm-anykav500-linux-uclibcgnueabi-gcc.br_real
COLLECT_LTO_WRAPPER=/opt/arm-anykav500-linux-uclibcgnueabi/bin/../libexec/gcc/arm-anykav500-linux-uclibcgnueabi/4.9.4/lto-wrapper
Target: arm-anykav500-linux-uclibcgnueabi
Configured with: ./configure --prefix=/home/leihaitao/nfs/project/buildroot/buildroot.stable/arm-anykav500-linux-uclibcgnueabi --sysconfdir=/home/leihaitao/nfs/project/buildroot/buildroot.stable/arm-anykav500-linux-uclibcgnueabi/etc --enable-static --target=arm-anykav500-linux-uclibcgnueabi --with-sysroot=/home/leihaitao/nfs/project/buildroot/buildroot.stable/arm-anykav500-linux-uclibcgnueabi/arm-anykav500-linux-uclibcgnueabi/sysroot --disable-__cxa_atexit --with-gnu-ld --disable-multilib --with-gmp=/home/leihaitao/nfs/project/buildroot/buildroot.stable/arm-anykav500-linux-uclibcgnueabi --with-mpc=/home/leihaitao/nfs/project/buildroot/buildroot.stable/arm-anykav500-linux-uclibcgnueabi --with-mpfr=/home/leihaitao/nfs/project/buildroot/buildroot.stable/arm-anykav500-linux-uclibcgnueabi --with-pkgversion='Buildroot 2018.02.7_V1.0.05-gec2d034' --with-bugurl=http://bugs.buildroot.net/ --disable-libquadmath --disable-libsanitizer --enable-tls --disable-libmudflap --enable-threads --without-isl --without-cloog --with-float=soft --disable-decimal-float --with-abi=aapcs-linux --with-cpu=arm926ej-s --with-float=soft --with-mode=arm --enable-languages=c,c++ --with-build-time-tools=/home/leihaitao/nfs/project/buildroot/buildroot.stable/arm-anykav500-linux-uclibcgnueabi/arm-anykav500-linux-uclibcgnueabi/bin --enable-shared --disable-libgomp --enable-libssp
Thread model: posix
gcc version 4.9.4 (Buildroot 2018.02.7_V1.0.05-gec2d034) 
configure:3744: $? = 0
configure:3733: arm-anykav500-linux-uclibcgnueabi-gcc -V >&5
arm-anykav500-linux-uclibcgnueabi-gcc.br_real: error: unrecognized command line option '-V'
arm-anykav500-linux-uclibcgnueabi-gcc.br_real: fatal error: no input files
compilation terminated.
configure:3744: $? = 1
configure:3733: arm-anykav500-linux-uclibcgnueabi-gcc -qversion >&5
arm-anykav500-linux-uclibcgnueabi-gcc.br_real: error: unrecognized command line option '-qversion'
arm-anykav500-linux-uclibcgnueabi-gcc.br_real: fatal error: no input files
compilation terminated.
configure:3744: $? = 1
configure:3733: arm-anykav500-linux-uclibcgnueabi-gcc -version >&5
arm-anykav500-linux-uclibcgnueabi-gcc.br_real: error: unrecognized command line option '-version'
arm-anykav500-linux-uclibcgnueabi-gcc.br_real: fatal error: no input files
compilation terminated.
configure:3744: $? = 1
configure:3764: checking whether the C compiler works
configure:3786: arm-anykav500-linux-uclibcgnueabi-gcc    conftest.c  >&5
configure:3790: $? = 0
configure:3840: result: yes
configure:3843: checking for C compiler default output file name
configure:3845: result: a.out
configure:3851: checking for suffix of executables
configure:3858: arm-anykav500-linux-uclibcgnueabi-gcc -o conftest    conftest.c  >&5
configure:3862: $? = 0
configure:3885: result: 
configure:3907: checking whether we are cross compiling
configure:3915: arm-anykav500-linux-uclibcgnueabi-gcc -o conftest    conftest.c  >&5
configure:3919: $? = 0
configure:3926: ./conftest
./configure: line 3928: ./conftest: cannot execute binary file: Exec format error
configure:3930: $? = 126
configure:3945: result: yes
configure:3950: checking for suffix of object files
configure:3973: arm-anykav500-linux-uclibcgnueabi-gcc -c   conftest.c >&5
configure:3977: $? = 0
configure:3999: result: o
configure:4003: checking whether the compiler supports GNU C
configure:4023: arm-anykav500-linux-uclibcgnueabi-gcc -c   conftest.c >&5
configure:4023: $? = 0
configure:4033: result: yes
configure:4044: checking whether arm-anykav500-linux-uclibcgnueabi-gcc accepts -g
configure:4065: arm-anykav500-linux-uclibcgnueabi-gcc -c -g  conftest.c >&5
configure:4065: $? = 0
configure:4109: result: yes
configure:4129: checking for arm-anykav500-linux-uclibcgnueabi-gcc option to enable C11 features
configure:4144: arm-anykav500-linux-uclibcgnueabi-gcc  -c -g -O2  conftest.c >&5
conftest.c:63:3: error: #error "Compiler does not advertise C99 conformance"
 # error "Compiler does not advertise C99 conformance"
   ^
conftest.c:118:29: error: expected ';', ',' or ')' before 'text'
 test_restrict (ccp restrict text)
                             ^
conftest.c:167:3: error: #error "Compiler does not advertise C11 conformance"
 # error "Compiler does not advertise C11 conformance"
   ^
conftest.c:198:12: error: 'syntax' undeclared here (not in a function)
 #define u8 syntax error!
            ^
conftest.c:199:29: note: in expansion of macro 'u8'
 char const utf8_literal[] = u8"happens to be ASCII" "another string";
                             ^
conftest.c:198:19: error: expected ',' or ';' before 'error'
 #define u8 syntax error!
                   ^
conftest.c:199:29: note: in expansion of macro 'u8'
 char const utf8_literal[] = u8"happens to be ASCII" "another string";
                             ^
conftest.c: In function 'main':
conftest.c:232:18: error: expected '=', ',', ';', 'asm' or '__attribute__' before 'newvar'
   char *restrict newvar = "Another string";
                  ^
conftest.c:232:18: error: 'newvar' undeclared (first use in this function)
conftest.c:232:18: note: each undeclared identifier is reported only once for each function it appears in
conftest.c:242:3: error: 'for' loop initial declarations are only allowed in C99 or C11 mode
   for (int i = 0; i < ia->datasize; ++i)
   ^
conftest.c:242:3: note: use option -std=c99, -std=gnu99, -std=c11 or -std=gnu11 to compile your code
configure:4144: $? = 1
configure: failed program was:
| /* confdefs.h */
| #define PACKAGE_NAME "sqlite"
| #define PACKAGE_TARNAME "sqlite"
| #define PACKAGE_VERSION "3.41.2"
| #define PACKAGE_STRING "sqlite 3.41.2"
| #define PACKAGE_BUGREPORT "http://www.sqlite.org"
| #define PACKAGE_URL ""
| #define PACKAGE "sqlite"
| #define VERSION "3.41.2"
| /* end confdefs.h.  */
| 
| /* Does the compiler advertise C89 conformance?
|    Do not test the value of __STDC__, because some compilers set it to 0
|    while being otherwise adequately conformant. */
| #if !defined __STDC__
| # error "Compiler does not advertise C89 conformance"
| #endif
| 
| #include <stddef.h>
| #include <stdarg.h>
| struct stat;
| /* Most of the following tests are stolen from RCS 5.7 src/conf.sh.  */
| struct buf { int x; };
| struct buf * (*rcsopen) (struct buf *, struct stat *, int);
| static char *e (p, i)
|      char **p;
|      int i;
| {
|   return p[i];
| }
| static char *f (char * (*g) (char **, int), char **p, ...)
| {
|   char *s;
|   va_list v;
|   va_start (v,p);
|   s = g (p, va_arg (v,int));
|   va_end (v);
|   return s;
| }
| 
| /* OSF 4.0 Compaq cc is some sort of almost-ANSI by default.  It has
|    function prototypes and stuff, but not \xHH hex character constants.
|    These do not provoke an error unfortunately, instead are silently treated
|    as an "x".  The following induces an error, until -std is added to get
|    proper ANSI mode.  Curiously \x00 != x always comes out true, for an
|    array size at least.  It is necessary to write \x00 == 0 to get something
|    that is true only with -std.  */
| int osf4_cc_array ['\x00' == 0 ? 1 : -1];
| 
| /* IBM C 6 for AIX is almost-ANSI by default, but it replaces macro parameters
|    inside strings and character constants.  */
| #define FOO(x) 'x'
| int xlc6_cc_array[FOO(a) == 'x' ? 1 : -1];
| 
| int test (int i, double x);
| struct s1 {int (*f) (int a);};
| struct s2 {int (*f) (double a);};
| int pairnames (int, char **, int *(*)(struct buf *, struct stat *, int),
|                int, int);
| 
| // Does the compiler advertise C99 conformance?
| #if !defined __STDC_VERSION__ || __STDC_VERSION__ < 199901L
| # error "Compiler does not advertise C99 conformance"
| #endif
| 
| #include <stdbool.h>
| extern int puts (const char *);
| extern int printf (const char *, ...);
| extern int dprintf (int, const char *, ...);
| extern void *malloc (size_t);
| 
| // Check varargs macros.  These examples are taken from C99 6.10.3.5.
| // dprintf is used instead of fprintf to avoid needing to declare
| // FILE and stderr.
| #define debug(...) dprintf (2, __VA_ARGS__)
| #define showlist(...) puts (#__VA_ARGS__)
| #define report(test,...) ((test) ? puts (#test) : printf (__VA_ARGS__))
| static void
| test_varargs_macros (void)
| {
|   int x = 1234;
|   int y = 5678;
|   debug ("Flag");
|   debug ("X = %d\n", x);
|   showlist (The first, second, and third items.);
|   report (x>y, "x is %d but y is %d", x, y);
| }
| 
| // Check long long types.
| #define BIG64 18446744073709551615ull
| #define BIG32 4294967295ul
| #define BIG_OK (BIG64 / BIG32 == 4294967297ull && BIG64 % BIG32 == 0)
| #if !BIG_OK
|   #error "your preprocessor is broken"
| #endif
| #if BIG_OK
| #else
|   #error "your preprocessor is broken"
| #endif
| static long long int bignum = -9223372036854775807LL;
| static unsigned long long int ubignum = BIG64;
| 
| struct incomplete_array
| {
|   int datasize;
|   double data[];
| };
| 
| struct named_init {
|   int number;
|   const wchar_t *name;
|   double average;
| };
| 
| typedef const char *ccp;
| 
| static inline int
| test_restrict (ccp restrict text)
| {
|   // See if C++-style comments work.
|   // Iterate through items via the restricted pointer.
|   // Also check for declarations in for loops.
|   for (unsigned int i = 0; *(text+i) != '\0'; ++i)
|     continue;
|   return 0;
| }
| 
| // Check varargs and va_copy.
| static bool
| test_varargs (const char *format, ...)
| {
|   va_list args;
|   va_start (args, format);
|   va_list args_copy;
|   va_copy (args_copy, args);
| 
|   const char *str = "";
|   int number = 0;
|   float fnumber = 0;
| 
|   while (*format)
|     {
|       switch (*format++)
| 	{
| 	case 's': // string
| 	  str = va_arg (args_copy, const char *);
| 	  break;
| 	case 'd': // int
| 	  number = va_arg (args_copy, int);
| 	  break;
| 	case 'f': // float
| 	  fnumber = va_arg (args_copy, double);
| 	  break;
| 	default:
| 	  break;
| 	}
|     }
|   va_end (args_copy);
|   va_end (args);
| 
|   return *str && number && fnumber;
| }
| 
| 
| // Does the compiler advertise C11 conformance?
| #if !defined __STDC_VERSION__ || __STDC_VERSION__ < 201112L
| # error "Compiler does not advertise C11 conformance"
| #endif
| 
| // Check _Alignas.
| char _Alignas (double) aligned_as_double;
| char _Alignas (0) no_special_alignment;
| extern char aligned_as_int;
| char _Alignas (0) _Alignas (int) aligned_as_int;
| 
| // Check _Alignof.
| enum
| {
|   int_alignment = _Alignof (int),
|   int_array_alignment = _Alignof (int[100]),
|   char_alignment = _Alignof (char)
| };
| _Static_assert (0 < -_Alignof (int), "_Alignof is signed");
| 
| // Check _Noreturn.
| int _Noreturn does_not_return (void) { for (;;) continue; }
| 
| // Check _Static_assert.
| struct test_static_assert
| {
|   int x;
|   _Static_assert (sizeof (int) <= sizeof (long int),
|                   "_Static_assert does not work in struct");
|   long int y;
| };
| 
| // Check UTF-8 literals.
| #define u8 syntax error!
| char const utf8_literal[] = u8"happens to be ASCII" "another string";
| 
| // Check duplicate typedefs.
| typedef long *long_ptr;
| typedef long int *long_ptr;
| typedef long_ptr long_ptr;
| 
| // Anonymous structures and unions -- taken from C11 6.7.2.1 Example 1.
| struct anonymous
| {
|   union {
|     struct { int i; int j; };
|     struct { int k; long int l; } w;
|   };
|   int m;
| } v1;
| 
| 
| int
| main (int argc, char **argv)
| {
|   int ok = 0;
|   
| ok |= (argc == 0 || f (e, argv, 0) != argv[0] || f (e, argv, 1) != argv[1]);
| 
|   
|   // Check bool.
|   _Bool success = false;
|   success |= (argc != 0);
| 
|   // Check restrict.
|   if (test_restrict ("String literal") == 0)
|     success = true;
|   char *restrict newvar = "Another string";
| 
|   // Check varargs.
|   success &= test_varargs ("s, d' f .", "string", 65, 34.234);
|   test_varargs_macros ();
| 
|   // Check flexible array members.
|   struct incomplete_array *ia =
|     malloc (sizeof (struct incomplete_array) + (sizeof (double) * 10));
|   ia->datasize = 10;
|   for (int i = 0; i < ia->datasize; ++i)
|     ia->data[i] = i * 1.234;
| 
|   // Check named initializers.
|   struct named_init ni = {
|     .number = 34,
|     .name = L"Test wide string",
|     .average = 543.34343,
|   };
| 
|   ni.number = 58;
| 
|   int dynamic_array[ni.number];
|   dynamic_array[0] = argv[0][0];
|   dynamic_array[ni.number - 1] = 543;
| 
|   // work around unused variable warnings
|   ok |= (!success || bignum == 0LL || ubignum == 0uLL || newvar[0] == 'x'
| 	 || dynamic_array[ni.number - 1] != 543);
| 
|   
|   _Static_assert ((offsetof (struct anonymous, i)
| 		   == offsetof (struct anonymous, w.k)),
| 		  "Anonymous union alignment botch");
|   v1.i = 2;
|   v1.w.k = 5;
|   ok |= v1.i != 5;
| 
|   return ok;
| }
| 
configure:4144: arm-anykav500-linux-uclibcgnueabi-gcc -std=gnu11 -c -g -O2  conftest.c >&5
configure:4144: $? = 0
configure:4165: result: -std=gnu11
configure:4278: checking whether arm-anykav500-linux-uclibcgnueabi-gcc -std=gnu11 understands -c and -o together
configure:4301: arm-anykav500-linux-uclibcgnueabi-gcc -std=gnu11 -c conftest.c -o conftest2.o
configure:4304: $? = 0
configure:4301: arm-anykav500-linux-uclibcgnueabi-gcc -std=gnu11 -c conftest.c -o conftest2.o
configure:4304: $? = 0
configure:4316: result: yes
configure:4335: checking dependency style of arm-anykav500-linux-uclibcgnueabi-gcc -std=gnu11
configure:4447: result: gcc3
configure:4471: checking for special C compiler options needed for large files
configure:4519: result: no
configure:4525: checking for _FILE_OFFSET_BITS value needed for large files
configure:4551: arm-anykav500-linux-uclibcgnueabi-gcc -std=gnu11 -c -g -O2  conftest.c >&5
conftest.c:17:7: error: size of array 'off_t_is_large' is negative
   int off_t_is_large[(LARGE_OFF_T % 2147483629 == 721
       ^
configure:4551: $? = 1
configure: failed program was:
| /* confdefs.h */
| #define PACKAGE_NAME "sqlite"
| #define PACKAGE_TARNAME "sqlite"
| #define PACKAGE_VERSION "3.41.2"
| #define PACKAGE_STRING "sqlite 3.41.2"
| #define PACKAGE_BUGREPORT "http://www.sqlite.org"
| #define PACKAGE_URL ""
| #define PACKAGE "sqlite"
| #define VERSION "3.41.2"
| /* end confdefs.h.  */
| #include <sys/types.h>
|  /* Check that off_t can represent 2**63 - 1 correctly.
|     We can't simply define LARGE_OFF_T to be 9223372036854775807,
|     since some C++ compilers masquerading as C compilers
|     incorrectly reject 9223372036854775807.  */
| #define LARGE_OFF_T (((off_t) 1 << 31 << 31) - 1 + ((off_t) 1 << 31 << 31))
|   int off_t_is_large[(LARGE_OFF_T % 2147483629 == 721
| 		       && LARGE_OFF_T % 2147483647 == 1)
| 		      ? 1 : -1];
| int
| main (void)
| {
| 
|   ;
|   return 0;
| }
configure:4576: arm-anykav500-linux-uclibcgnueabi-gcc -std=gnu11 -c -g -O2  conftest.c >&5
configure:4576: $? = 0
configure:4585: result: 64
configure:4677: checking for arm-anykav500-linux-uclibcgnueabi-gcc
configure:4709: result: arm-anykav500-linux-uclibcgnueabi-gcc
configure:5107: checking for C compiler version
configure:5116: arm-anykav500-linux-uclibcgnueabi-gcc --version >&5
arm-anykav500-linux-uclibcgnueabi-gcc.br_real (Buildroot 2018.02.7_V1.0.05-gec2d034) 4.9.4
Copyright (C) 2015 Free Software Foundation, Inc.
This is free software; see the source for copying conditions.  There is NO
warranty; not even for MERCHANTABILITY or FITNESS FOR A PARTICULAR PURPOSE.

configure:5127: $? = 0
configure:5116: arm-anykav500-linux-uclibcgnueabi-gcc -v >&5
Using built-in specs.
COLLECT_GCC=/opt/arm-anykav500-linux-uclibcgnueabi/bin/arm-anykav500-linux-uclibcgnueabi-gcc.br_real
COLLECT_LTO_WRAPPER=/opt/arm-anykav500-linux-uclibcgnueabi/bin/../libexec/gcc/arm-anykav500-linux-uclibcgnueabi/4.9.4/lto-wrapper
Target: arm-anykav500-linux-uclibcgnueabi
Configured with: ./configure --prefix=/home/leihaitao/nfs/project/buildroot/buildroot.stable/arm-anykav500-linux-uclibcgnueabi --sysconfdir=/home/leihaitao/nfs/project/buildroot/buildroot.stable/arm-anykav500-linux-uclibcgnueabi/etc --enable-static --target=arm-anykav500-linux-uclibcgnueabi --with-sysroot=/home/leihaitao/nfs/project/buildroot/buildroot.stable/arm-anykav500-linux-uclibcgnueabi/arm-anykav500-linux-uclibcgnueabi/sysroot --disable-__cxa_atexit --with-gnu-ld --disable-multilib --with-gmp=/home/leihaitao/nfs/project/buildroot/buildroot.stable/arm-anykav500-linux-uclibcgnueabi --with-mpc=/home/leihaitao/nfs/project/buildroot/buildroot.stable/arm-anykav500-linux-uclibcgnueabi --with-mpfr=/home/leihaitao/nfs/project/buildroot/buildroot.stable/arm-anykav500-linux-uclibcgnueabi --with-pkgversion='Buildroot 2018.02.7_V1.0.05-gec2d034' --with-bugurl=http://bugs.buildroot.net/ --disable-libquadmath --disable-libsanitizer --enable-tls --disable-libmudflap --enable-threads --without-isl --without-cloog --with-float=soft --disable-decimal-float --with-abi=aapcs-linux --with-cpu=arm926ej-s --with-float=soft --with-mode=arm --enable-languages=c,c++ --with-build-time-tools=/home/leihaitao/nfs/project/buildroot/buildroot.stable/arm-anykav500-linux-uclibcgnueabi/arm-anykav500-linux-uclibcgnueabi/bin --enable-shared --disable-libgomp --enable-libssp
Thread model: posix
gcc version 4.9.4 (Buildroot 2018.02.7_V1.0.05-gec2d034) 
configure:5127: $? = 0
configure:5116: arm-anykav500-linux-uclibcgnueabi-gcc -V >&5
arm-anykav500-linux-uclibcgnueabi-gcc.br_real: error: unrecognized command line option '-V'
arm-anykav500-linux-uclibcgnueabi-gcc.br_real: fatal error: no input files
compilation terminated.
configure:5127: $? = 1
configure:5116: arm-anykav500-linux-uclibcgnueabi-gcc -qversion >&5
arm-anykav500-linux-uclibcgnueabi-gcc.br_real: error: unrecognized command line option '-qversion'
arm-anykav500-linux-uclibcgnueabi-gcc.br_real: fatal error: no input files
compilation terminated.
configure:5127: $? = 1
configure:5116: arm-anykav500-linux-uclibcgnueabi-gcc -version >&5
arm-anykav500-linux-uclibcgnueabi-gcc.br_real: error: unrecognized command line option '-version'
arm-anykav500-linux-uclibcgnueabi-gcc.br_real: fatal error: no input files
compilation terminated.
configure:5127: $? = 1
configure:5131: checking whether the compiler supports GNU C
configure:5161: result: yes
configure:5172: checking whether arm-anykav500-linux-uclibcgnueabi-gcc accepts -g
configure:5237: result: yes
configure:5257: checking for arm-anykav500-linux-uclibcgnueabi-gcc option to enable C11 features
configure:5293: result: -std=gnu11
configure:5406: checking whether arm-anykav500-linux-uclibcgnueabi-gcc -std=gnu11 understands -c and -o together
configure:5444: result: yes
configure:5463: checking dependency style of arm-anykav500-linux-uclibcgnueabi-gcc -std=gnu11
configure:5575: result: gcc3
configure:5622: checking build system type
configure:5637: result: x86_64-pc-linux-gnu
configure:5657: checking host system type
configure:5671: result: arm-anykav500-linux-uclibcgnueabi
configure:5712: checking how to print strings
configure:5739: result: printf
configure:5760: checking for a sed that does not truncate output
configure:5830: result: /bin/sed
configure:5848: checking for grep that handles long lines and -e
configure:5912: result: /bin/grep
configure:5917: checking for egrep
configure:5985: result: /bin/grep -E
configure:5990: checking for fgrep
configure:6058: result: /bin/grep -F
configure:6094: checking for ld used by arm-anykav500-linux-uclibcgnueabi-gcc -std=gnu11
configure:6162: result: /opt/arm-anykav500-linux-uclibcgnueabi/arm-anykav500-linux-uclibcgnueabi/bin/ld
configure:6169: checking if the linker (/opt/arm-anykav500-linux-uclibcgnueabi/arm-anykav500-linux-uclibcgnueabi/bin/ld) is GNU ld
configure:6185: result: yes
configure:6197: checking for BSD- or MS-compatible name lister (nm)
configure:6252: result: /opt/arm-anykav500-linux-uclibcgnueabi/usr/bin/arm-anykav500-linux-uclibcgnueabi-nm -B
configure:6392: checking the name lister (/opt/arm-anykav500-linux-uclibcgnueabi/usr/bin/arm-anykav500-linux-uclibcgnueabi-nm -B) interface
configure:6400: arm-anykav500-linux-uclibcgnueabi-gcc -std=gnu11 -c -g -O2  conftest.c >&5
configure:6403: /opt/arm-anykav500-linux-uclibcgnueabi/usr/bin/arm-anykav500-linux-uclibcgnueabi-nm -B "conftest.o"
configure:6406: output
00000000 B some_variable
configure:6413: result: BSD nm
configure:6416: checking whether ln -s works
configure:6420: result: yes
configure:6428: checking the maximum length of command line arguments
configure:6560: result: 1572864
configure:6608: checking how to convert x86_64-pc-linux-gnu file names to arm-anykav500-linux-uclibcgnueabi format
configure:6649: result: func_convert_file_noop
configure:6656: checking how to convert x86_64-pc-linux-gnu file names to toolchain format
configure:6677: result: func_convert_file_noop
configure:6684: checking for /opt/arm-anykav500-linux-uclibcgnueabi/arm-anykav500-linux-uclibcgnueabi/bin/ld option to reload object files
configure:6692: result: -r
configure:6726: checking for arm-anykav500-linux-uclibcgnueabi-objdump
configure:6747: found /opt/arm-anykav500-linux-uclibcgnueabi/usr/bin/arm-anykav500-linux-uclibcgnueabi-objdump
configure:6758: result: arm-anykav500-linux-uclibcgnueabi-objdump
configure:6835: checking how to recognize dependent libraries
configure:7036: result: pass_all
configure:7081: checking for arm-anykav500-linux-uclibcgnueabi-dlltool
configure:7116: result: no
configure:7126: checking for dlltool
configure:7161: result: no
configure:7191: checking how to associate runtime and link libraries
configure:7219: result: printf %s\n
configure:7235: checking for arm-anykav500-linux-uclibcgnueabi-ar
configure:7256: found /opt/arm-anykav500-linux-uclibcgnueabi/usr/bin/arm-anykav500-linux-uclibcgnueabi-ar
configure:7267: result: arm-anykav500-linux-uclibcgnueabi-ar
configure:7353: checking for archiver @FILE support
configure:7371: arm-anykav500-linux-uclibcgnueabi-gcc -std=gnu11 -c -g -O2  conftest.c >&5
configure:7371: $? = 0
configure:7375: arm-anykav500-linux-uclibcgnueabi-ar cr libconftest.a @conftest.lst >&5
configure:7378: $? = 0
configure:7383: arm-anykav500-linux-uclibcgnueabi-ar cr libconftest.a @conftest.lst >&5
arm-anykav500-linux-uclibcgnueabi-ar: conftest.o: No such file or directory
configure:7386: $? = 1
configure:7398: result: @
configure:7416: checking for arm-anykav500-linux-uclibcgnueabi-strip
configure:7448: result: arm-anykav500-linux-uclibcgnueabi-strip
configure:7525: checking for arm-anykav500-linux-uclibcgnueabi-ranlib
configure:7546: found /opt/arm-anykav500-linux-uclibcgnueabi/usr/bin/arm-anykav500-linux-uclibcgnueabi-ranlib
configure:7557: result: arm-anykav500-linux-uclibcgnueabi-ranlib
configure:7704: checking command to parse /opt/arm-anykav500-linux-uclibcgnueabi/usr/bin/arm-anykav500-linux-uclibcgnueabi-nm -B output from arm-anykav500-linux-uclibcgnueabi-gcc -std=gnu11 object
configure:7858: arm-anykav500-linux-uclibcgnueabi-gcc -std=gnu11 -c -g -O2  conftest.c >&5
configure:7861: $? = 0
configure:7865: /opt/arm-anykav500-linux-uclibcgnueabi/usr/bin/arm-anykav500-linux-uclibcgnueabi-nm -B conftest.o | sed -n -e 's/^.*[	 ]\([ABCDGIRSTW][ABCDGIRSTW]*\)[	 ][	 ]*\([_A-Za-z][_A-Za-z0-9]*\)$/\1 \2 \2/p' | sed '/ __gnu_lto/d' > conftest.nm
configure:7931: arm-anykav500-linux-uclibcgnueabi-gcc -std=gnu11 -o conftest -g -O2   conftest.c conftstm.o >&5
configure:7934: $? = 0
configure:7972: result: ok
configure:8019: checking for sysroot
configure:8050: result: no
configure:8057: checking for a working dd
configure:8101: result: /bin/dd
configure:8105: checking how to truncate binary pipes
configure:8121: result: /bin/dd bs=4096 count=1
configure:8413: checking for arm-anykav500-linux-uclibcgnueabi-mt
configure:8448: result: no
configure:8458: checking for mt
configure:8479: found /bin/mt
configure:8490: result: mt
configure:8502: WARNING: using cross tools not prefixed with host triplet
configure:8513: checking if mt is a manifest tool
configure:8520: mt '-?'
configure:8528: result: no
configure:9258: checking for stdio.h
configure:9258: arm-anykav500-linux-uclibcgnueabi-gcc -std=gnu11 -c -g -O2  conftest.c >&5
configure:9258: $? = 0
configure:9258: result: yes
configure:9258: checking for stdlib.h
configure:9258: arm-anykav500-linux-uclibcgnueabi-gcc -std=gnu11 -c -g -O2  conftest.c >&5
configure:9258: $? = 0
configure:9258: result: yes
configure:9258: checking for string.h
configure:9258: arm-anykav500-linux-uclibcgnueabi-gcc -std=gnu11 -c -g -O2  conftest.c >&5
configure:9258: $? = 0
configure:9258: result: yes
configure:9258: checking for inttypes.h
configure:9258: arm-anykav500-linux-uclibcgnueabi-gcc -std=gnu11 -c -g -O2  conftest.c >&5
configure:9258: $? = 0
configure:9258: result: yes
configure:9258: checking for stdint.h
configure:9258: arm-anykav500-linux-uclibcgnueabi-gcc -std=gnu11 -c -g -O2  conftest.c >&5
configure:9258: $? = 0
configure:9258: result: yes
configure:9258: checking for strings.h
configure:9258: arm-anykav500-linux-uclibcgnueabi-gcc -std=gnu11 -c -g -O2  conftest.c >&5
configure:9258: $? = 0
configure:9258: result: yes
configure:9258: checking for sys/stat.h
configure:9258: arm-anykav500-linux-uclibcgnueabi-gcc -std=gnu11 -c -g -O2  conftest.c >&5
configure:9258: $? = 0
configure:9258: result: yes
configure:9258: checking for sys/types.h
configure:9258: arm-anykav500-linux-uclibcgnueabi-gcc -std=gnu11 -c -g -O2  conftest.c >&5
configure:9258: $? = 0
configure:9258: result: yes
configure:9258: checking for unistd.h
configure:9258: arm-anykav500-linux-uclibcgnueabi-gcc -std=gnu11 -c -g -O2  conftest.c >&5
configure:9258: $? = 0
configure:9258: result: yes
configure:9283: checking for dlfcn.h
configure:9283: arm-anykav500-linux-uclibcgnueabi-gcc -std=gnu11 -c -g -O2  conftest.c >&5
configure:9283: $? = 0
configure:9283: result: yes
configure:9542: checking for objdir
configure:9558: result: .libs
configure:9818: checking if arm-anykav500-linux-uclibcgnueabi-gcc -std=gnu11 supports -fno-rtti -fno-exceptions
configure:9837: arm-anykav500-linux-uclibcgnueabi-gcc -std=gnu11 -c -g -O2  -fno-rtti -fno-exceptions conftest.c >&5
cc1: warning: command line option '-fno-rtti' is valid for C++/ObjC++ but not for C
configure:9841: $? = 0
configure:9854: result: no
configure:10218: checking for arm-anykav500-linux-uclibcgnueabi-gcc -std=gnu11 option to produce PIC
configure:10226: result: -fPIC -DPIC
configure:10234: checking if arm-anykav500-linux-uclibcgnueabi-gcc -std=gnu11 PIC flag -fPIC -DPIC works
configure:10253: arm-anykav500-linux-uclibcgnueabi-gcc -std=gnu11 -c -g -O2  -fPIC -DPIC -DPIC conftest.c >&5
configure:10257: $? = 0
configure:10270: result: yes
configure:10299: checking if arm-anykav500-linux-uclibcgnueabi-gcc -std=gnu11 static flag -static works
configure:10328: result: yes
configure:10343: checking if arm-anykav500-linux-uclibcgnueabi-gcc -std=gnu11 supports -c -o file.o
configure:10365: arm-anykav500-linux-uclibcgnueabi-gcc -std=gnu11 -c -g -O2  -o out/conftest2.o conftest.c >&5
configure:10369: $? = 0
configure:10391: result: yes
configure:10399: checking if arm-anykav500-linux-uclibcgnueabi-gcc -std=gnu11 supports -c -o file.o
configure:10447: result: yes
configure:10480: checking whether the arm-anykav500-linux-uclibcgnueabi-gcc -std=gnu11 linker (/opt/arm-anykav500-linux-uclibcgnueabi/arm-anykav500-linux-uclibcgnueabi/bin/ld) supports shared libraries
configure:11750: result: yes
configure:11787: checking whether -lc should be explicitly linked in
configure:11796: arm-anykav500-linux-uclibcgnueabi-gcc -std=gnu11 -c -g -O2  conftest.c >&5
configure:11799: $? = 0
configure:11814: arm-anykav500-linux-uclibcgnueabi-gcc -std=gnu11 -shared  -fPIC -DPIC conftest.o  -v -Wl,-soname -Wl,conftest -o conftest 2\>\&1 \| /bin/grep  -lc  \>/dev/null 2\>\&1
configure:11817: $? = 0
configure:11831: result: no
configure:11991: checking dynamic linker characteristics
configure:12573: arm-anykav500-linux-uclibcgnueabi-gcc -std=gnu11 -o conftest -g -O2   -Wl,-rpath -Wl,/foo conftest.c  >&5
configure:12573: $? = 0
configure:12824: result: GNU/Linux ld.so
configure:12946: checking how to hardcode library paths into programs
configure:12971: result: immediate
configure:13523: checking whether stripping libraries is possible
configure:13528: result: yes
configure:13563: checking if libtool supports shared libraries
configure:13565: result: yes
configure:13568: checking whether to build shared libraries
configure:13593: result: yes
configure:13596: checking whether to build static libraries
configure:13600: result: yes
configure:13640: checking for fdatasync
configure:13640: arm-anykav500-linux-uclibcgnueabi-gcc -std=gnu11 -o conftest -g -O2   conftest.c  >&5
configure:13640: $? = 0
configure:13640: result: yes
configure:13646: checking for usleep
configure:13646: arm-anykav500-linux-uclibcgnueabi-gcc -std=gnu11 -o conftest -g -O2   conftest.c  >&5
configure:13646: $? = 0
configure:13646: result: yes
configure:13652: checking for fullfsync
configure:13652: arm-anykav500-linux-uclibcgnueabi-gcc -std=gnu11 -o conftest -g -O2   conftest.c  >&5
/tmp/ccloSkQW.o: In function `main':
/home/share/boke/JIJI/boke/src/sqlite/conftest.c:53: undefined reference to `fullfsync'
collect2: error: ld returned 1 exit status
configure:13652: $? = 1
configure: failed program was:
| /* confdefs.h */
| #define PACKAGE_NAME "sqlite"
| #define PACKAGE_TARNAME "sqlite"
| #define PACKAGE_VERSION "3.41.2"
| #define PACKAGE_STRING "sqlite 3.41.2"
| #define PACKAGE_BUGREPORT "http://www.sqlite.org"
| #define PACKAGE_URL ""
| #define PACKAGE "sqlite"
| #define VERSION "3.41.2"
| #define _FILE_OFFSET_BITS 64
| #define HAVE_STDIO_H 1
| #define HAVE_STDLIB_H 1
| #define HAVE_STRING_H 1
| #define HAVE_INTTYPES_H 1
| #define HAVE_STDINT_H 1
| #define HAVE_STRINGS_H 1
| #define HAVE_SYS_STAT_H 1
| #define HAVE_SYS_TYPES_H 1
| #define HAVE_UNISTD_H 1
| #define STDC_HEADERS 1
| #define HAVE_DLFCN_H 1
| #define LT_OBJDIR ".libs/"
| #define HAVE_FDATASYNC 1
| #define HAVE_USLEEP 1
| /* end confdefs.h.  */
| /* Define fullfsync to an innocuous variant, in case <limits.h> declares fullfsync.
|    For example, HP-UX 11i <limits.h> declares gettimeofday.  */
| #define fullfsync innocuous_fullfsync
| 
| /* System header to define __stub macros and hopefully few prototypes,
|    which can conflict with char fullfsync (); below.  */
| 
| #include <limits.h>
| #undef fullfsync
| 
| /* Override any GCC internal prototype to avoid an error.
|    Use char because int might match the return type of a GCC
|    builtin and then its argument prototype would still apply.  */
| #ifdef __cplusplus
| extern "C"
| #endif
| char fullfsync ();
| /* The GNU C library defines this for functions which it implements
|     to always fail with ENOSYS.  Some functions are actually named
|     something starting with __ and the normal name is an alias.  */
| #if defined __stub_fullfsync || defined __stub___fullfsync
| choke me
| #endif
| 
| int
| main (void)
| {
| return fullfsync ();
|   ;
|   return 0;
| }
configure:13652: result: no
configure:13658: checking for localtime_r
configure:13658: arm-anykav500-linux-uclibcgnueabi-gcc -std=gnu11 -o conftest -g -O2   conftest.c  >&5
configure:13658: $? = 0
configure:13658: result: yes
configure:13664: checking for gmtime_r
configure:13664: arm-anykav500-linux-uclibcgnueabi-gcc -std=gnu11 -o conftest -g -O2   conftest.c  >&5
configure:13664: $? = 0
configure:13664: result: yes
configure:13671: checking for arm-anykav500-linux-uclibcgnueabi-gcc -std=gnu11 options needed to detect all undeclared functions
configure:13693: arm-anykav500-linux-uclibcgnueabi-gcc -std=gnu11 -c -g -O2   conftest.c >&5
conftest.c: In function 'main':
conftest.c:32:8: error: 'strchr' undeclared (first use in this function)
 (void) strchr;
        ^
conftest.c:32:8: note: each undeclared identifier is reported only once for each function it appears in
configure:13693: $? = 1
configure: failed program was:
| /* confdefs.h */
| #define PACKAGE_NAME "sqlite"
| #define PACKAGE_TARNAME "sqlite"
| #define PACKAGE_VERSION "3.41.2"
| #define PACKAGE_STRING "sqlite 3.41.2"
| #define PACKAGE_BUGREPORT "http://www.sqlite.org"
| #define PACKAGE_URL ""
| #define PACKAGE "sqlite"
| #define VERSION "3.41.2"
| #define _FILE_OFFSET_BITS 64
| #define HAVE_STDIO_H 1
| #define HAVE_STDLIB_H 1
| #define HAVE_STRING_H 1
| #define HAVE_INTTYPES_H 1
| #define HAVE_STDINT_H 1
| #define HAVE_STRINGS_H 1
| #define HAVE_SYS_STAT_H 1
| #define HAVE_SYS_TYPES_H 1
| #define HAVE_UNISTD_H 1
| #define STDC_HEADERS 1
| #define HAVE_DLFCN_H 1
| #define LT_OBJDIR ".libs/"
| #define HAVE_FDATASYNC 1
| #define HAVE_USLEEP 1
| #define HAVE_LOCALTIME_R 1
| #define HAVE_GMTIME_R 1
| /* end confdefs.h.  */
| 
| int
| main (void)
| {
| (void) strchr;
|   ;
|   return 0;
| }
configure:13720: arm-anykav500-linux-uclibcgnueabi-gcc -std=gnu11 -c -g -O2   conftest.c >&5
configure:13720: $? = 0
configure:13737: result: none needed
configure:13751: checking whether strerror_r is declared
configure:13751: arm-anykav500-linux-uclibcgnueabi-gcc -std=gnu11 -c -g -O2   conftest.c >&5
configure:13751: $? = 0
configure:13751: result: yes
configure:13770: checking whether strerror_r returns char *
configure:13795: arm-anykav500-linux-uclibcgnueabi-gcc -std=gnu11 -c -g -O2  conftest.c >&5
conftest.c: In function 'main':
conftest.c:36:13: error: invalid type argument of unary '*' (have 'int')
    char x = *strerror_r (0, buf, sizeof buf);
             ^
conftest.c:37:14: warning: initialization makes pointer from integer without a cast
    char *p = strerror_r (0, buf, sizeof buf);
              ^
configure:13795: $? = 1
configure: failed program was:
| /* confdefs.h */
| #define PACKAGE_NAME "sqlite"
| #define PACKAGE_TARNAME "sqlite"
| #define PACKAGE_VERSION "3.41.2"
| #define PACKAGE_STRING "sqlite 3.41.2"
| #define PACKAGE_BUGREPORT "http://www.sqlite.org"
| #define PACKAGE_URL ""
| #define PACKAGE "sqlite"
| #define VERSION "3.41.2"
| #define _FILE_OFFSET_BITS 64
| #define HAVE_STDIO_H 1
| #define HAVE_STDLIB_H 1
| #define HAVE_STRING_H 1
| #define HAVE_INTTYPES_H 1
| #define HAVE_STDINT_H 1
| #define HAVE_STRINGS_H 1
| #define HAVE_SYS_STAT_H 1
| #define HAVE_SYS_TYPES_H 1
| #define HAVE_UNISTD_H 1
| #define STDC_HEADERS 1
| #define HAVE_DLFCN_H 1
| #define LT_OBJDIR ".libs/"
| #define HAVE_FDATASYNC 1
| #define HAVE_USLEEP 1
| #define HAVE_LOCALTIME_R 1
| #define HAVE_GMTIME_R 1
| #define HAVE_DECL_STRERROR_R 1
| #define HAVE_STRERROR_R 1
| /* end confdefs.h.  */
| #include <string.h>
| int
| main (void)
| {
| 
| 	  char buf[100];
| 	  char x = *strerror_r (0, buf, sizeof buf);
| 	  char *p = strerror_r (0, buf, sizeof buf);
| 	  return !p || x;
| 
|   ;
|   return 0;
| }
configure:13804: result: no
configure:13852: checking for editline/readline.h
configure:13852: arm-anykav500-linux-uclibcgnueabi-gcc -std=gnu11 -c -g -O2  conftest.c >&5
conftest.c:58:31: fatal error: editline/readline.h: No such file or directory
 #include <editline/readline.h>
                               ^
compilation terminated.
configure:13852: $? = 1
configure: failed program was:
| /* confdefs.h */
| #define PACKAGE_NAME "sqlite"
| #define PACKAGE_TARNAME "sqlite"
| #define PACKAGE_VERSION "3.41.2"
| #define PACKAGE_STRING "sqlite 3.41.2"
| #define PACKAGE_BUGREPORT "http://www.sqlite.org"
| #define PACKAGE_URL ""
| #define PACKAGE "sqlite"
| #define VERSION "3.41.2"
| #define _FILE_OFFSET_BITS 64
| #define HAVE_STDIO_H 1
| #define HAVE_STDLIB_H 1
| #define HAVE_STRING_H 1
| #define HAVE_INTTYPES_H 1
| #define HAVE_STDINT_H 1
| #define HAVE_STRINGS_H 1
| #define HAVE_SYS_STAT_H 1
| #define HAVE_SYS_TYPES_H 1
| #define HAVE_UNISTD_H 1
| #define STDC_HEADERS 1
| #define HAVE_DLFCN_H 1
| #define LT_OBJDIR ".libs/"
| #define HAVE_FDATASYNC 1
| #define HAVE_USLEEP 1
| #define HAVE_LOCALTIME_R 1
| #define HAVE_GMTIME_R 1
| #define HAVE_DECL_STRERROR_R 1
| #define HAVE_STRERROR_R 1
| /* end confdefs.h.  */
| #include <stddef.h>
| #ifdef HAVE_STDIO_H
| # include <stdio.h>
| #endif
| #ifdef HAVE_STDLIB_H
| # include <stdlib.h>
| #endif
| #ifdef HAVE_STRING_H
| # include <string.h>
| #endif
| #ifdef HAVE_INTTYPES_H
| # include <inttypes.h>
| #endif
| #ifdef HAVE_STDINT_H
| # include <stdint.h>
| #endif
| #ifdef HAVE_STRINGS_H
| # include <strings.h>
| #endif
| #ifdef HAVE_SYS_TYPES_H
| # include <sys/types.h>
| #endif
| #ifdef HAVE_SYS_STAT_H
| # include <sys/stat.h>
| #endif
| #ifdef HAVE_UNISTD_H
| # include <unistd.h>
| #endif
| #include <editline/readline.h>
configure:13852: result: no
configure:13938: checking for readline/readline.h
configure:13938: arm-anykav500-linux-uclibcgnueabi-gcc -std=gnu11 -c -g -O2  conftest.c >&5
conftest.c:58:31: fatal error: readline/readline.h: No such file or directory
 #include <readline/readline.h>
                               ^
compilation terminated.
configure:13938: $? = 1
configure: failed program was:
| /* confdefs.h */
| #define PACKAGE_NAME "sqlite"
| #define PACKAGE_TARNAME "sqlite"
| #define PACKAGE_VERSION "3.41.2"
| #define PACKAGE_STRING "sqlite 3.41.2"
| #define PACKAGE_BUGREPORT "http://www.sqlite.org"
| #define PACKAGE_URL ""
| #define PACKAGE "sqlite"
| #define VERSION "3.41.2"
| #define _FILE_OFFSET_BITS 64
| #define HAVE_STDIO_H 1
| #define HAVE_STDLIB_H 1
| #define HAVE_STRING_H 1
| #define HAVE_INTTYPES_H 1
| #define HAVE_STDINT_H 1
| #define HAVE_STRINGS_H 1
| #define HAVE_SYS_STAT_H 1
| #define HAVE_SYS_TYPES_H 1
| #define HAVE_UNISTD_H 1
| #define STDC_HEADERS 1
| #define HAVE_DLFCN_H 1
| #define LT_OBJDIR ".libs/"
| #define HAVE_FDATASYNC 1
| #define HAVE_USLEEP 1
| #define HAVE_LOCALTIME_R 1
| #define HAVE_GMTIME_R 1
| #define HAVE_DECL_STRERROR_R 1
| #define HAVE_STRERROR_R 1
| /* end confdefs.h.  */
| #include <stddef.h>
| #ifdef HAVE_STDIO_H
| # include <stdio.h>
| #endif
| #ifdef HAVE_STDLIB_H
| # include <stdlib.h>
| #endif
| #ifdef HAVE_STRING_H
| # include <string.h>
| #endif
| #ifdef HAVE_INTTYPES_H
| # include <inttypes.h>
| #endif
| #ifdef HAVE_STDINT_H
| # include <stdint.h>
| #endif
| #ifdef HAVE_STRINGS_H
| # include <strings.h>
| #endif
| #ifdef HAVE_SYS_TYPES_H
| # include <sys/types.h>
| #endif
| #ifdef HAVE_SYS_STAT_H
| # include <sys/stat.h>
| #endif
| #ifdef HAVE_UNISTD_H
| # include <unistd.h>
| #endif
| #include <readline/readline.h>
configure:13938: result: no
configure:14094: checking for library containing pthread_create
configure:14124: arm-anykav500-linux-uclibcgnueabi-gcc -std=gnu11 -o conftest -g -O2   conftest.c  >&5
configure:14124: $? = 0
configure:14144: result: none required
configure:14153: checking for library containing pthread_mutexattr_init
configure:14183: arm-anykav500-linux-uclibcgnueabi-gcc -std=gnu11 -o conftest -g -O2   conftest.c  >&5
configure:14183: $? = 0
configure:14203: result: none required
configure:14227: checking for library containing dlopen
configure:14257: arm-anykav500-linux-uclibcgnueabi-gcc -std=gnu11 -o conftest -g -O2   conftest.c  >&5
configure:14257: $? = 0
configure:14277: result: none required
configure:14289: checking for whether to support dynamic extensions
configure:14291: result: yes
configure:14306: checking SQL math functions
configure:14310: result: enabled
configure:14312: checking for library containing ceil
configure:14342: arm-anykav500-linux-uclibcgnueabi-gcc -std=gnu11 -o conftest -g -O2   conftest.c  >&5
conftest.c:34:6: warning: conflicting types for built-in function 'ceil'
 char ceil ();
      ^
configure:14342: $? = 0
configure:14362: result: none required
configure:14388: checking FTS4 extension
configure:14392: result: enabled
configure:14409: checking FTS3 extension
configure:14416: result: disabled
configure:14432: checking FTS5 extension
configure:14435: result: enabled
configure:14437: checking for library containing log
configure:14467: arm-anykav500-linux-uclibcgnueabi-gcc -std=gnu11 -o conftest -g -O2   conftest.c  >&5
conftest.c:34:6: warning: conflicting types for built-in function 'log'
 char log ();
      ^
configure:14467: $? = 0
configure:14487: result: none required
configure:14514: checking RTREE extension
configure:14518: result: enabled
configure:14535: checking Session extension
configure:14542: result: disabled
configure:14556: checking Build type
configure:14564: result: release
configure:14588: checking for posix_fallocate
configure:14588: arm-anykav500-linux-uclibcgnueabi-gcc -std=gnu11 -o conftest -g -O2   conftest.c  >&5
configure:14588: $? = 0
configure:14588: result: yes
configure:14597: checking for zlib.h
configure:14597: arm-anykav500-linux-uclibcgnueabi-gcc -std=gnu11 -c -g -O2  conftest.c >&5
conftest.c:59:18: fatal error: zlib.h: No such file or directory
 #include <zlib.h>
                  ^
compilation terminated.
configure:14597: $? = 1
configure: failed program was:
| /* confdefs.h */
| #define PACKAGE_NAME "sqlite"
| #define PACKAGE_TARNAME "sqlite"
| #define PACKAGE_VERSION "3.41.2"
| #define PACKAGE_STRING "sqlite 3.41.2"
| #define PACKAGE_BUGREPORT "http://www.sqlite.org"
| #define PACKAGE_URL ""
| #define PACKAGE "sqlite"
| #define VERSION "3.41.2"
| #define _FILE_OFFSET_BITS 64
| #define HAVE_STDIO_H 1
| #define HAVE_STDLIB_H 1
| #define HAVE_STRING_H 1
| #define HAVE_INTTYPES_H 1
| #define HAVE_STDINT_H 1
| #define HAVE_STRINGS_H 1
| #define HAVE_SYS_STAT_H 1
| #define HAVE_SYS_TYPES_H 1
| #define HAVE_UNISTD_H 1
| #define STDC_HEADERS 1
| #define HAVE_DLFCN_H 1
| #define LT_OBJDIR ".libs/"
| #define HAVE_FDATASYNC 1
| #define HAVE_USLEEP 1
| #define HAVE_LOCALTIME_R 1
| #define HAVE_GMTIME_R 1
| #define HAVE_DECL_STRERROR_R 1
| #define HAVE_STRERROR_R 1
| #define HAVE_POSIX_FALLOCATE 1
| /* end confdefs.h.  */
| #include <stddef.h>
| #ifdef HAVE_STDIO_H
| # include <stdio.h>
| #endif
| #ifdef HAVE_STDLIB_H
| # include <stdlib.h>
| #endif
| #ifdef HAVE_STRING_H
| # include <string.h>
| #endif
| #ifdef HAVE_INTTYPES_H
| # include <inttypes.h>
| #endif
| #ifdef HAVE_STDINT_H
| # include <stdint.h>
| #endif
| #ifdef HAVE_STRINGS_H
| # include <strings.h>
| #endif
| #ifdef HAVE_SYS_TYPES_H
| # include <sys/types.h>
| #endif
| #ifdef HAVE_SYS_STAT_H
| # include <sys/stat.h>
| #endif
| #ifdef HAVE_UNISTD_H
| # include <unistd.h>
| #endif
| #include <zlib.h>
configure:14597: result: no
configure:14666: checking for library containing system
configure:14696: arm-anykav500-linux-uclibcgnueabi-gcc -std=gnu11 -o conftest -g -O2   conftest.c  >&5
configure:14696: $? = 0
configure:14716: result: none required
configure:14899: checking that generated files are newer than configure
configure:14905: result: done
configure:14932: creating ./config.status

## ---------------------- ##
## Running config.status. ##
## ---------------------- ##

This file was extended by sqlite config.status 3.41.2, which was
generated by GNU Autoconf 2.71.  Invocation command line was

  CONFIG_FILES    = 
  CONFIG_HEADERS  = 
  CONFIG_LINKS    = 
  CONFIG_COMMANDS = 
  $ ./config.status 

on nirvana-virtual-machine

config.status:1009: creating Makefile
config.status:1009: creating sqlite3.pc
config.status:1181: executing depfiles commands
config.status:1258: cd .       && sed -e '/# am--include-marker/d' Makefile         | make -f - am--depfiles
make: Nothing to be done for 'am--depfiles'.
config.status:1263: $? = 0
config.status:1181: executing libtool commands

## ---------------- ##
## Cache variables. ##
## ---------------- ##

ac_cv_build=x86_64-pc-linux-gnu
ac_cv_c_compiler_gnu=yes
ac_cv_c_undeclared_builtin_options='none needed'
ac_cv_env_CC_set=
ac_cv_env_CC_value=
ac_cv_env_CFLAGS_set=
ac_cv_env_CFLAGS_value=
ac_cv_env_CPPFLAGS_set=
ac_cv_env_CPPFLAGS_value=
ac_cv_env_LDFLAGS_set=
ac_cv_env_LDFLAGS_value=
ac_cv_env_LIBS_set=
ac_cv_env_LIBS_value=
ac_cv_env_LT_SYS_LIBRARY_PATH_set=
ac_cv_env_LT_SYS_LIBRARY_PATH_value=
ac_cv_env_build_alias_set=
ac_cv_env_build_alias_value=
ac_cv_env_host_alias_set=set
ac_cv_env_host_alias_value=arm-anykav500-linux-uclibcgnueabi
ac_cv_env_target_alias_set=
ac_cv_env_target_alias_value=
ac_cv_func_fdatasync=yes
ac_cv_func_fullfsync=no
ac_cv_func_gmtime_r=yes
ac_cv_func_localtime_r=yes
ac_cv_func_posix_fallocate=yes
ac_cv_func_strerror_r_char_p=no
ac_cv_func_usleep=yes
ac_cv_have_decl_strerror_r=yes
ac_cv_header_dlfcn_h=yes
ac_cv_header_editline_readline_h=no
ac_cv_header_inttypes_h=yes
ac_cv_header_readline_readline_h=no
ac_cv_header_stdint_h=yes
ac_cv_header_stdio_h=yes
ac_cv_header_stdlib_h=yes
ac_cv_header_string_h=yes
ac_cv_header_strings_h=yes
ac_cv_header_sys_stat_h=yes
ac_cv_header_sys_types_h=yes
ac_cv_header_unistd_h=yes
ac_cv_header_zlib_h=no
ac_cv_host=arm-anykav500-linux-uclibcgnueabi
ac_cv_objext=o
ac_cv_path_EGREP='/bin/grep -E'
ac_cv_path_FGREP='/bin/grep -F'
ac_cv_path_GREP=/bin/grep
ac_cv_path_SED=/bin/sed
ac_cv_path_install='/usr/bin/install -c'
ac_cv_path_lt_DD=/bin/dd
ac_cv_path_mkdir=/bin/mkdir
ac_cv_prog_AR=arm-anykav500-linux-uclibcgnueabi-ar
ac_cv_prog_AWK=mawk
ac_cv_prog_CC=arm-anykav500-linux-uclibcgnueabi-gcc
ac_cv_prog_OBJDUMP=arm-anykav500-linux-uclibcgnueabi-objdump
ac_cv_prog_RANLIB=arm-anykav500-linux-uclibcgnueabi-ranlib
ac_cv_prog_STRIP=arm-anykav500-linux-uclibcgnueabi-strip
ac_cv_prog_ac_ct_MANIFEST_TOOL=mt
ac_cv_prog_cc_c11=-std=gnu11
ac_cv_prog_cc_g=yes
ac_cv_prog_cc_stdc=-std=gnu11
ac_cv_prog_make_make_set=yes
ac_cv_search_ceil='none required'
ac_cv_search_dlopen='none required'
ac_cv_search_log='none required'
ac_cv_search_pthread_create='none required'
ac_cv_search_pthread_mutexattr_init='none required'
ac_cv_search_system='none required'
ac_cv_sys_file_offset_bits=64
ac_cv_sys_largefile_CC=no
am_cv_CC_dependencies_compiler_type=gcc3
am_cv_make_support_nested_variables=yes
am_cv_prog_cc_c_o=yes
lt_cv_ar_at_file=@
lt_cv_archive_cmds_need_lc=no
lt_cv_deplibs_check_method=pass_all
lt_cv_file_magic_cmd='$MAGIC_CMD'
lt_cv_file_magic_test_file=
lt_cv_ld_reload_flag=-r
lt_cv_nm_interface='BSD nm'
lt_cv_objdir=.libs
lt_cv_path_LD=/opt/arm-anykav500-linux-uclibcgnueabi/arm-anykav500-linux-uclibcgnueabi/bin/ld
lt_cv_path_NM='/opt/arm-anykav500-linux-uclibcgnueabi/usr/bin/arm-anykav500-linux-uclibcgnueabi-nm -B'
lt_cv_path_mainfest_tool=no
lt_cv_prog_compiler_c_o=yes
lt_cv_prog_compiler_pic='-fPIC -DPIC'
lt_cv_prog_compiler_pic_works=yes
lt_cv_prog_compiler_rtti_exceptions=no
lt_cv_prog_compiler_static_works=yes
lt_cv_prog_gnu_ld=yes
lt_cv_sharedlib_from_linklib_cmd='printf %s\n'
lt_cv_shlibpath_overrides_runpath=no
lt_cv_sys_global_symbol_pipe='sed -n -e '\''s/^.*[	 ]\([ABCDGIRSTW][ABCDGIRSTW]*\)[	 ][	 ]*\([_A-Za-z][_A-Za-z0-9]*\)$/\1 \2 \2/p'\'' | sed '\''/ __gnu_lto/d'\'''
lt_cv_sys_global_symbol_to_c_name_address='sed -n -e '\''s/^: \(.*\) .*$/  {"\1", (void *) 0},/p'\'' -e '\''s/^[ABCDGIRSTW][ABCDGIRSTW]* .* \(.*\)$/  {"\1", (void *) \&\1},/p'\'''
lt_cv_sys_global_symbol_to_c_name_address_lib_prefix='sed -n -e '\''s/^: \(.*\) .*$/  {"\1", (void *) 0},/p'\'' -e '\''s/^[ABCDGIRSTW][ABCDGIRSTW]* .* \(lib.*\)$/  {"\1", (void *) \&\1},/p'\'' -e '\''s/^[ABCDGIRSTW][ABCDGIRSTW]* .* \(.*\)$/  {"lib\1", (void *) \&\1},/p'\'''
lt_cv_sys_global_symbol_to_cdecl='sed -n -e '\''s/^T .* \(.*\)$/extern int \1();/p'\'' -e '\''s/^[ABCDGIRSTW][ABCDGIRSTW]* .* \(.*\)$/extern char \1;/p'\'''
lt_cv_sys_global_symbol_to_import=
lt_cv_sys_max_cmd_len=1572864
lt_cv_to_host_file_cmd=func_convert_file_noop
lt_cv_to_tool_file_cmd=func_convert_file_noop
lt_cv_truncate_bin='/bin/dd bs=4096 count=1'

## ----------------- ##
## Output variables. ##
## ----------------- ##

ACLOCAL='${SHELL} '\''/home/share/boke/JIJI/boke/src/sqlite/missing'\'' aclocal-1.16'
AMDEPBACKSLASH='\'
AMDEP_FALSE='#'
AMDEP_TRUE=''
AMTAR='$${TAR-tar}'
AM_BACKSLASH='\'
AM_DEFAULT_V='$(AM_DEFAULT_VERBOSITY)'
AM_DEFAULT_VERBOSITY='1'
AM_V='$(V)'
AR='arm-anykav500-linux-uclibcgnueabi-ar'
AUTOCONF='${SHELL} '\''/home/share/boke/JIJI/boke/src/sqlite/missing'\'' autoconf'
AUTOHEADER='${SHELL} '\''/home/share/boke/JIJI/boke/src/sqlite/missing'\'' autoheader'
AUTOMAKE='${SHELL} '\''/home/share/boke/JIJI/boke/src/sqlite/missing'\'' automake-1.16'
AWK='mawk'
BUILD_CFLAGS=' -D_REENTRANT=1 -DSQLITE_THREADSAFE=1 -DSQLITE_ENABLE_MATH_FUNCTIONS -DSQLITE_ENABLE_FTS4 -DSQLITE_ENABLE_FTS5 -DSQLITE_ENABLE_RTREE -DSQLITE_ENABLE_GEOPOLY'
CC='arm-anykav500-linux-uclibcgnueabi-gcc -std=gnu11'
CCDEPMODE='depmode=gcc3'
CFLAGS='-g -O2'
CPPFLAGS=''
CSCOPE='cscope'
CTAGS='ctags'
CYGPATH_W='echo'
DEFS='-DPACKAGE_NAME=\"sqlite\" -DPACKAGE_TARNAME=\"sqlite\" -DPACKAGE_VERSION=\"3.41.2\" -DPACKAGE_STRING=\"sqlite\ 3.41.2\" -DPACKAGE_BUGREPORT=\"http://www.sqlite.org\" -DPACKAGE_URL=\"\" -DPACKAGE=\"sqlite\" -DVERSION=\"3.41.2\" -D_FILE_OFFSET_BITS=64 -DHAVE_STDIO_H=1 -DHAVE_STDLIB_H=1 -DHAVE_STRING_H=1 -DHAVE_INTTYPES_H=1 -DHAVE_STDINT_H=1 -DHAVE_STRINGS_H=1 -DHAVE_SYS_STAT_H=1 -DHAVE_SYS_TYPES_H=1 -DHAVE_UNISTD_H=1 -DSTDC_HEADERS=1 -DHAVE_DLFCN_H=1 -DLT_OBJDIR=\".libs/\" -DHAVE_FDATASYNC=1 -DHAVE_USLEEP=1 -DHAVE_LOCALTIME_R=1 -DHAVE_GMTIME_R=1 -DHAVE_DECL_STRERROR_R=1 -DHAVE_STRERROR_R=1 -DHAVE_POSIX_FALLOCATE=1'
DEPDIR='.deps'
DLLTOOL='false'
DSYMUTIL=''
DUMPBIN=''
ECHO_C=''
ECHO_N='-n'
ECHO_T=''
EGREP='/bin/grep -E'
ETAGS='etags'
EXEEXT=''
EXTRA_SHELL_OBJ='sqlite3-sqlite3.o'
FGREP='/bin/grep -F'
GREP='/bin/grep'
INSTALL_DATA='${INSTALL} -m 644'
INSTALL_PROGRAM='${INSTALL}'
INSTALL_SCRIPT='${INSTALL}'
INSTALL_STRIP_PROGRAM='$(install_sh) -c -s'
LD='/opt/arm-anykav500-linux-uclibcgnueabi/arm-anykav500-linux-uclibcgnueabi/bin/ld'
LDFLAGS=''
LIBOBJS=''
LIBS=''
LIBTOOL='$(SHELL) $(top_builddir)/libtool'
LIPO=''
LN_S='ln -s'
LTLIBOBJS=''
LT_SYS_LIBRARY_PATH=''
MAKEINFO='${SHELL} '\''/home/share/boke/JIJI/boke/src/sqlite/missing'\'' makeinfo'
MANIFEST_TOOL=':'
MKDIR_P='/bin/mkdir -p'
NM='/opt/arm-anykav500-linux-uclibcgnueabi/usr/bin/arm-anykav500-linux-uclibcgnueabi-nm -B'
NMEDIT=''
OBJDUMP='arm-anykav500-linux-uclibcgnueabi-objdump'
OBJEXT='o'
OTOOL64=''
OTOOL=''
PACKAGE='sqlite'
PACKAGE_BUGREPORT='http://www.sqlite.org'
PACKAGE_NAME='sqlite'
PACKAGE_STRING='sqlite 3.41.2'
PACKAGE_TARNAME='sqlite'
PACKAGE_URL=''
PACKAGE_VERSION='3.41.2'
PATH_SEPARATOR=':'
RANLIB='arm-anykav500-linux-uclibcgnueabi-ranlib'
READLINE_LIBS=''
SED='/bin/sed'
SET_MAKE=''
SHELL='/bin/bash'
SHELL_CFLAGS=''
STRIP='arm-anykav500-linux-uclibcgnueabi-strip'
VERSION='3.41.2'
ac_ct_AR=''
ac_ct_CC=''
ac_ct_DUMPBIN=''
am__EXEEXT_FALSE=''
am__EXEEXT_TRUE='#'
am__fastdepCC_FALSE='#'
am__fastdepCC_TRUE=''
am__include='include'
am__isrc=''
am__leading_dot='.'
am__nodep='_no'
am__quote=''
am__tar='$${TAR-tar} chof - "$$tardir"'
am__untar='$${TAR-tar} xf -'
bindir='${exec_prefix}/bin'
build='x86_64-pc-linux-gnu'
build_alias=''
build_cpu='x86_64'
build_os='linux-gnu'
build_vendor='pc'
datadir='${datarootdir}'
datarootdir='${prefix}/share'
docdir='${datarootdir}/doc/${PACKAGE_TARNAME}'
dvidir='${docdir}'
exec_prefix='${prefix}'
host='arm-anykav500-linux-uclibcgnueabi'
host_alias='arm-anykav500-linux-uclibcgnueabi'
host_cpu='arm'
host_os='linux-uclibcgnueabi'
host_vendor='anykav500'
htmldir='${docdir}'
includedir='${prefix}/include'
infodir='${datarootdir}/info'
install_sh='${SHELL} /home/share/boke/JIJI/boke/src/sqlite/install-sh'
libdir='${exec_prefix}/lib'
libexecdir='${exec_prefix}/libexec'
localedir='${datarootdir}/locale'
localstatedir='${prefix}/var'
mandir='${datarootdir}/man'
mkdir_p='$(MKDIR_P)'
oldincludedir='/usr/include'
pdfdir='${docdir}'
prefix='/home/share/boke/leo/sqlite-autoconf-3410200/build'
program_transform_name='s,x,x,'
psdir='${docdir}'
runstatedir='${localstatedir}/run'
sbindir='${exec_prefix}/sbin'
sharedstatedir='${prefix}/com'
sysconfdir='${prefix}/etc'
target_alias=''

## ----------- ##
## confdefs.h. ##
## ----------- ##

/* confdefs.h */
#define PACKAGE_NAME "sqlite"
#define PACKAGE_TARNAME "sqlite"
#define PACKAGE_VERSION "3.41.2"
#define PACKAGE_STRING "sqlite 3.41.2"
#define PACKAGE_BUGREPORT "http://www.sqlite.org"
#define PACKAGE_URL ""
#define PACKAGE "sqlite"
#define VERSION "3.41.2"
#define _FILE_OFFSET_BITS 64
#define HAVE_STDIO_H 1
#define HAVE_STDLIB_H 1
#define HAVE_STRING_H 1
#define HAVE_INTTYPES_H 1
#define HAVE_STDINT_H 1
#define HAVE_STRINGS_H 1
#define HAVE_SYS_STAT_H 1
#define HAVE_SYS_TYPES_H 1
#define HAVE_UNISTD_H 1
#define STDC_HEADERS 1
#define HAVE_DLFCN_H 1
#define LT_OBJDIR ".libs/"
#define HAVE_FDATASYNC 1
#define HAVE_USLEEP 1
#define HAVE_LOCALTIME_R 1
#define HAVE_GMTIME_R 1
#define HAVE_DECL_STRERROR_R 1
#define HAVE_STRERROR_R 1
#define HAVE_POSIX_FALLOCATE 1

configure: exit 0
